IQ-TREE multicore version 2.1.2 COVID-edition for Linux 64-bit built Mar 30 2021
Developed by Bui Quang Minh, James Barbetti, Nguyen Lam Tung,
Olga Chernomor, Heiko Schmidt, Dominik Schrempf, Michael Woodhams.

Host:    danimstevens-MS-7B93 (AVX2, FMA3, 125 GB RAM)
Command: iqtree -s CORE_citrus_sequences_aligned -bb 1000 -T AUTO -st AA -v -m MFP
Seed:    582445 (Using SPRNG - Scalable Parallel Random Number Generator)
Time:    Mon Jun 27 13:02:40 2022
Kernel:  AVX+FMA - auto-detect threads (16 CPU cores detected)

Reading alignment file CORE_citrus_sequences_aligned ... Fasta format detected
Name shortening took 0.000009 seconds.
Duplicate sequence name check took 0.000007 seconds.
Alignment most likely contains protein sequences
Alignment has 7 sequences with 1098 columns, 477 distinct patterns
492 parsimony-informative, 85 singleton sites, 521 constant sites
Empirical state frequencies: 0.0401982379 0.0397852423 0.0809471366 0.0392345815 0.0169328194 0.0273953745 0.0556167401 0.0816354626 0.0217511013 0.0634636564 0.1552863436 0.0455671806 0.0154185022 0.0483204846 0.0457048458 0.0989812775 0.0426762115 0.0039922908 0.0218887665 0.0552037445 
                                                                 Gap/Ambiguity  Composition  p-value
   1  Washington_navel|Citrus_clementina_Ciclev10030620m_homolog|CORE    8.65%    passed     90.80%
   2  Eureka_lemon|Citrus_clementina_Ciclev10030620m_homolog|CORE        8.74%    passed     94.93%
   3  Solanum_lycopersicum|Solyc03g096190|CORE                           5.10%    passed     99.96%
   4  Solanum_pennellii|XP_015068909.1|CORE                              4.55%    passed     99.98%
   5  Nicotiana_benthamiana|Niben101Scf02323g01010.1|CORE                4.01%    passed     99.99%
   6  Nicotiana_sylvestris|XP_009803840.1|CORE                           4.92%    passed    100.00%
   7  Nicotiana_tabacum|XP_016470062.1|CORE                              2.46%    passed    100.00%
****  TOTAL                                                              5.49%  0 sequences failed composition chi2 test (p-value<5%; df=19)
Hashing sequences took 0.003 wall-clock seconds
Checking for duplicate sequences took 0.000 wall-clock seconds


Create initial parsimony tree by phylogenetic likelihood library (PLL)... 0.000 seconds
Measuring multi-threading efficiency up to 16 CPU cores
Increase to 10 rounds for branch lengths
436 trees examined
Threads: 1 / Time: 16.039 sec / Speedup: 1.000 / Efficiency: 100% / LogL: -8794
Threads: 2 / Time: 9.110 sec / Speedup: 1.761 / Efficiency: 88% / LogL: -8794
Threads: 3 / Time: 6.478 sec / Speedup: 2.476 / Efficiency: 83% / LogL: -8794
Threads: 4 / Time: 5.120 sec / Speedup: 3.133 / Efficiency: 78% / LogL: -8794
Threads: 5 / Time: 4.352 sec / Speedup: 3.686 / Efficiency: 74% / LogL: -8794
Threads: 6 / Time: 3.912 sec / Speedup: 4.100 / Efficiency: 68% / LogL: -8794
Threads: 7 / Time: 3.613 sec / Speedup: 4.440 / Efficiency: 63% / LogL: -8794
Threads: 8 / Time: 3.293 sec / Speedup: 4.870 / Efficiency: 61% / LogL: -8794
Threads: 9 / Time: 4.035 sec / Speedup: 3.975 / Efficiency: 44% / LogL: -8794
BEST NUMBER OF THREADS: 8

Perform fast likelihood tree search using LG+I+G model...
Estimate model parameters (epsilon = 5.000)
1. Initial log-likelihood: -6954.969
Optimizing +I+G4 model parameters by EM algorithm...
Proportion of invariable sites: 0.231
Gamma shape alpha: 2.254
Optimizing +I+G4 model parameters by EM algorithm...
Proportion of invariable sites: 0.224
Gamma shape alpha: 3.233
Optimizing +I+G4 model parameters by EM algorithm...
Proportion of invariable sites: 0.215
Gamma shape alpha: 3.557
Optimal log-likelihood: -6895.940
Perform nearest neighbor interchange...
NOTE: Input tree is already NNI-optimal
Estimate model parameters (epsilon = 1.000)
1. Initial log-likelihood: -6895.940
Optimizing +I+G4 model parameters by EM algorithm...
Proportion of invariable sites: 0.207
Gamma shape alpha: 3.489
Optimal log-likelihood: -6895.513
Parameters optimization took 1 rounds (0.005 sec)
Time for fast ML tree search: 0.038 seconds

NOTE: ModelFinder requires 7 MB RAM!
ModelFinder will test up to 546 protein models (sample size: 1098) ...
 No. Model         -LnL         df  AIC          AICc         BIC
Optimizing model LG
1. Initial log-likelihood: -6937.677
Optimal log-likelihood: -6921.150
  1  LG            6921.150     11  13864.301    13864.544    13919.315
Optimizing model LG+I
1. Initial log-likelihood: -6905.266
Proportion of invariable sites: 0.228
Proportion of invariable sites: 0.227
Optimal log-likelihood: -6900.310
  2  LG+I          6900.310     12  13824.620    13824.907    13884.635
Optimizing model LG+G4
1. Initial log-likelihood: -6894.555
Gamma shape alpha: 1.094
Gamma shape alpha: 1.126
Gamma shape alpha: 1.138
Optimal log-likelihood: -6890.949
  3  LG+G4         6890.949     12  13805.898    13806.185    13865.913
Optimizing model LG+I+G4
1. Initial log-likelihood: -6895.714
Optimizing +I+G4 model parameters by EM algorithm...
Proportion of invariable sites: 0.199
Gamma shape alpha: 3.296
Optimizing +I+G4 model parameters by EM algorithm...
Proportion of invariable sites: 0.192
Gamma shape alpha: 3.103
Optimizing +I+G4 model parameters by EM algorithm...
Proportion of invariable sites: 0.186
Gamma shape alpha: 2.940
Optimizing +I+G4 model parameters by EM algorithm...
Proportion of invariable sites: 0.180
Gamma shape alpha: 2.804
Optimizing +I+G4 model parameters by EM algorithm...
Proportion of invariable sites: 0.175
Gamma shape alpha: 2.688
Optimizing +I+G4 model parameters by EM algorithm...
Proportion of invariable sites: 0.170
Gamma shape alpha: 2.590
Optimizing +I+G4 model parameters by EM algorithm...
Proportion of invariable sites: 0.165
Gamma shape alpha: 2.504
Optimizing +I+G4 model parameters by EM algorithm...
Proportion of invariable sites: 0.161
Gamma shape alpha: 2.429
Optimizing +I+G4 model parameters by EM algorithm...
Proportion of invariable sites: 0.157
Gamma shape alpha: 2.363
Optimizing +I+G4 model parameters by EM algorithm...
Proportion of invariable sites: 0.153
Gamma shape alpha: 2.303
Optimizing +I+G4 model parameters by EM algorithm...
Proportion of invariable sites: 0.149
Gamma shape alpha: 2.249
Optimizing +I+G4 model parameters by EM algorithm...
Proportion of invariable sites: 0.146
Gamma shape alpha: 2.201
Optimal log-likelihood: -6893.204
  4  LG+I+G4       6893.204     13  13812.408    13812.743    13877.424
Optimizing model LG+R2
1. Initial log-likelihood: -6893.338
Optimizing +R2 model parameters by 2-BFGS,EM algorithm...
Site proportion and rates:  (0.510,0.307) (0.490,1.711)
Optimizing +R2 model parameters by 2-BFGS,EM algorithm...
Site proportion and rates:  (0.518,0.308) (0.482,1.727)
Optimizing +R2 model parameters by 2-BFGS,EM algorithm...
Site proportion and rates:  (0.527,0.309) (0.473,1.738)
Optimizing +R2 model parameters by 2-BFGS,EM algorithm...
Site proportion and rates:  (0.535,0.312) (0.465,1.747)
Optimizing +R2 model parameters by 2-BFGS,EM algorithm...
Site proportion and rates:  (0.544,0.315) (0.456,1.755)
Optimizing +R2 model parameters by 2-BFGS,EM algorithm...
Site proportion and rates:  (0.552,0.317) (0.448,1.763)
Optimizing +R2 model parameters by 2-BFGS,EM algorithm...
Site proportion and rates:  (0.560,0.320) (0.440,1.772)
Optimizing +R2 model parameters by 2-BFGS,EM algorithm...
Site proportion and rates:  (0.568,0.323) (0.432,1.780)
Optimizing +R2 model parameters by 2-BFGS,EM algorithm...
Site proportion and rates:  (0.576,0.326) (0.424,1.788)
Optimizing +R2 model parameters by 2-BFGS,EM algorithm...
Site proportion and rates:  (0.584,0.328) (0.416,1.797)
Optimizing +R2 model parameters by 2-BFGS,EM algorithm...
Site proportion and rates:  (0.592,0.330) (0.408,1.806)
Optimizing +R2 model parameters by 2-BFGS,EM algorithm...
Site proportion and rates:  (0.599,0.333) (0.401,1.815)
Optimizing +R2 model parameters by 2-BFGS,EM algorithm...
Site proportion and rates:  (0.607,0.335) (0.393,1.826)
Optimizing +R2 model parameters by 2-BFGS,EM algorithm...
Site proportion and rates:  (0.614,0.337) (0.386,1.836)
Optimizing +R2 model parameters by 2-BFGS,EM algorithm...
Site proportion and rates:  (0.622,0.339) (0.378,1.846)
Optimizing +R2 model parameters by 2-BFGS,EM algorithm...
Site proportion and rates:  (0.629,0.341) (0.371,1.857)
Optimizing +R2 model parameters by 2-BFGS,EM algorithm...
Site proportion and rates:  (0.636,0.342) (0.364,1.868)
Optimizing +R2 model parameters by 2-BFGS,EM algorithm...
Site proportion and rates:  (0.643,0.344) (0.357,1.879)
Optimizing +R2 model parameters by 2-BFGS,EM algorithm...
Site proportion and rates:  (0.649,0.345) (0.351,1.890)
Optimizing +R2 model parameters by 2-BFGS,EM algorithm...
Site proportion and rates:  (0.656,0.347) (0.344,1.902)
Optimizing +R2 model parameters by 2-BFGS,EM algorithm...
Site proportion and rates:  (0.662,0.348) (0.338,1.913)
Optimizing +R2 model parameters by 2-BFGS,EM algorithm...
Site proportion and rates:  (0.668,0.350) (0.332,1.924)
Optimizing +R2 model parameters by 2-BFGS,EM algorithm...
Site proportion and rates:  (0.674,0.351) (0.326,1.935)
Optimizing +R2 model parameters by 2-BFGS,EM algorithm...
Site proportion and rates:  (0.680,0.352) (0.320,1.947)
Optimal log-likelihood: -6889.299
  5  LG+R2         6889.299     13  13804.598    13804.934    13869.614
Optimizing model LG+R3
1. Initial log-likelihood: -6891.661
Optimizing +R3 model parameters by 2-BFGS,EM algorithm...
Site proportion and rates:  (0.334,0.215) (0.340,0.684) (0.326,2.117)
Optimizing +R3 model parameters by 2-BFGS,EM algorithm...
Site proportion and rates:  (0.337,0.235) (0.345,0.658) (0.317,2.153)
Optimizing +R3 model parameters by 2-BFGS,EM algorithm...
Site proportion and rates:  (0.341,0.251) (0.350,0.635) (0.309,2.194)
Optimizing +R3 model parameters by 2-BFGS,EM algorithm...
Site proportion and rates:  (0.344,0.265) (0.354,0.616) (0.302,2.235)
Optimizing +R3 model parameters by 2-BFGS,EM algorithm...
Site proportion and rates:  (0.347,0.278) (0.359,0.600) (0.294,2.274)
Optimizing +R3 model parameters by 2-BFGS,EM algorithm...
Site proportion and rates:  (0.350,0.290) (0.363,0.587) (0.287,2.311)
Optimizing +R3 model parameters by 2-BFGS,EM algorithm...
Site proportion and rates:  (0.353,0.300) (0.366,0.577) (0.280,2.345)
Optimizing +R3 model parameters by 2-BFGS,EM algorithm...
Site proportion and rates:  (0.356,0.309) (0.370,0.568) (0.274,2.377)
Optimizing +R3 model parameters by 2-BFGS,EM algorithm...
Site proportion and rates:  (0.359,0.317) (0.373,0.561) (0.268,2.406)
Optimizing +R3 model parameters by 2-BFGS,EM algorithm...
Site proportion and rates:  (0.361,0.325) (0.376,0.555) (0.263,2.433)
Optimizing +R3 model parameters by 2-BFGS,EM algorithm...
Site proportion and rates:  (0.363,0.331) (0.379,0.549) (0.258,2.459)
Optimal log-likelihood: -6888.607
  6  LG+R3         6888.607     15  13807.214    13807.658    13882.233
Empirical state frequencies: 0.0401982379 0.0397852423 0.0809471366 0.0392345815 0.0169328194 0.0273953745 0.0556167401 0.0816354626 0.0217511013 0.0634636564 0.1552863436 0.0455671806 0.0154185022 0.0483204846 0.0457048458 0.0989812775 0.0426762115 0.0039922908 0.0218887665 0.0552037445 
Optimizing model LG+F+G4
1. Initial log-likelihood: -6808.8539897422
Gamma shape alpha: 1.1233381547
Gamma shape alpha: 1.1180458467
Optimal log-likelihood: -6808.6151357618
 16  LG+F+G4       6808.615     31  13679.230    13681.091    13834.269
Empirical state frequencies: 0.0401982379 0.0397852423 0.0809471366 0.0392345815 0.0169328194 0.0273953745 0.0556167401 0.0816354626 0.0217511013 0.0634636564 0.1552863436 0.0455671806 0.0154185022 0.0483204846 0.0457048458 0.0989812775 0.0426762115 0.0039922908 0.0218887665 0.0552037445 
Optimizing model LG+F+R2
1. Initial log-likelihood: -6810.7558408960
Optimizing +R2 model parameters by 2-BFGS,EM algorithm...
Site proportion and rates:  (0.5095749648,0.3068528194) (0.4904250352,1.7191005228)
Optimizing +R2 model parameters by 2-BFGS,EM algorithm...
Site proportion and rates:  (0.5183171471,0.3068528194) (0.4816828529,1.7410692892)
Optimizing +R2 model parameters by 2-BFGS,EM algorithm...
Site proportion and rates:  (0.5265626748,0.3068528194) (0.4734373252,1.7588426112)
Optimizing +R2 model parameters by 2-BFGS,EM algorithm...
Site proportion and rates:  (0.5342750101,0.3075384786) (0.4657249899,1.7723569403)
Optimizing +R2 model parameters by 2-BFGS,EM algorithm...
Site proportion and rates:  (0.5416106525,0.3090410844) (0.4583893475,1.7827016711)
Optimizing +R2 model parameters by 2-BFGS,EM algorithm...
Site proportion and rates:  (0.5486201430,0.3109842130) (0.4513798570,1.7905827650)
Optimizing +R2 model parameters by 2-BFGS,EM algorithm...
Site proportion and rates:  (0.5555573519,0.3132266562) (0.4444426481,1.7976899319)
Optimizing +R2 model parameters by 2-BFGS,EM algorithm...
Site proportion and rates:  (0.5623785220,0.3154928023) (0.4376214780,1.8063399250)
Optimizing +R2 model parameters by 2-BFGS,EM algorithm...
Site proportion and rates:  (0.5690891426,0.3178260965) (0.4309108574,1.8146256596)
Optimizing +R2 model parameters by 2-BFGS,EM algorithm...
Site proportion and rates:  (0.5756403076,0.3201680560) (0.4243596924,1.8228379862)
Optimizing +R2 model parameters by 2-BFGS,EM algorithm...
Site proportion and rates:  (0.5820815509,0.3224987703) (0.4179184491,1.8309734066)
Optimizing +R2 model parameters by 2-BFGS,EM algorithm...
Site proportion and rates:  (0.5883711166,0.3247116275) (0.4116288834,1.8391888869)
Optimizing +R2 model parameters by 2-BFGS,EM algorithm...
Site proportion and rates:  (0.5945048732,0.3268176854) (0.4054951268,1.8474609198)
Optimizing +R2 model parameters by 2-BFGS,EM algorithm...
Site proportion and rates:  (0.6004875051,0.3288404697) (0.3995124949,1.8557529649)
Optimal log-likelihood: -6808.4479681686
 18  LG+F+R2       6808.448     32  13680.896    13682.879    13840.936
Optimizing model WAG+G4
1. Initial log-likelihood: -6879.215
Gamma shape alpha: 1.442
Gamma shape alpha: 1.573
Gamma shape alpha: 1.616
Optimal log-likelihood: -6873.807
 29  WAG+G4        6873.807     12  13771.614    13771.901    13831.629
Optimizing model WAG+R2
1. Initial log-likelihood: -6875.800
Optimizing +R2 model parameters by 2-BFGS,EM algorithm...
Site proportion and rates:  (0.499,0.336) (0.501,1.644)
Optimizing +R2 model parameters by 2-BFGS,EM algorithm...
Site proportion and rates:  (0.501,0.351) (0.499,1.618)
Optimizing +R2 model parameters by 2-BFGS,EM algorithm...
Site proportion and rates:  (0.504,0.360) (0.496,1.605)
Optimal log-likelihood: -6874.620
 31  WAG+R2        6874.620     13  13775.240    13775.576    13840.256
Empirical state frequencies: 0.0401982379 0.0397852423 0.0809471366 0.0392345815 0.0169328194 0.0273953745 0.0556167401 0.0816354626 0.0217511013 0.0634636564 0.1552863436 0.0455671806 0.0154185022 0.0483204846 0.0457048458 0.0989812775 0.0426762115 0.0039922908 0.0218887665 0.0552037445 
Optimizing model WAG+F+G4
1. Initial log-likelihood: -6768.5705508214
Gamma shape alpha: 1.6662292883
Gamma shape alpha: 1.6818293290
Optimal log-likelihood: -6768.2515679037
 42  WAG+F+G4      6768.252     31  13598.503    13600.364    13753.542
Empirical state frequencies: 0.0401982379 0.0397852423 0.0809471366 0.0392345815 0.0169328194 0.0273953745 0.0556167401 0.0816354626 0.0217511013 0.0634636564 0.1552863436 0.0455671806 0.0154185022 0.0483204846 0.0457048458 0.0989812775 0.0426762115 0.0039922908 0.0218887665 0.0552037445 
Optimizing model WAG+F+R2
1. Initial log-likelihood: -6770.2757214340
Optimizing +R2 model parameters by 2-BFGS,EM algorithm...
Site proportion and rates:  (0.4988948011,0.3377692282) (0.5011051989,1.6361963756)
Optimizing +R2 model parameters by 2-BFGS,EM algorithm...
Site proportion and rates:  (0.5002670983,0.3537270290) (0.4997329017,1.6074798141)
Optimizing +R2 model parameters by 2-BFGS,EM algorithm...
Site proportion and rates:  (0.5024328169,0.3625855280) (0.4975671831,1.5933974779)
Optimal log-likelihood: -6768.9050020109
 44  WAG+F+R2      6768.905     32  13601.810    13603.793    13761.850
Optimizing model JTT+G4
1. Initial log-likelihood: -6830.894
Gamma shape alpha: 1.438
Gamma shape alpha: 1.379
Gamma shape alpha: 1.362
Optimal log-likelihood: -6830.168
 55  JTT+G4        6830.168     12  13684.336    13684.624    13744.351
Optimizing model JTT+R2
1. Initial log-likelihood: -6831.350
Optimizing +R2 model parameters by 2-BFGS,EM algorithm...
Site proportion and rates:  (0.503,0.317) (0.497,1.677)
Optimizing +R2 model parameters by 2-BFGS,EM algorithm...
Site proportion and rates:  (0.508,0.324) (0.492,1.671)
Optimal log-likelihood: -6831.129
 57  JTT+R2        6831.129     13  13688.258    13688.594    13753.275
Empirical state frequencies: 0.0401982379 0.0397852423 0.0809471366 0.0392345815 0.0169328194 0.0273953745 0.0556167401 0.0816354626 0.0217511013 0.0634636564 0.1552863436 0.0455671806 0.0154185022 0.0483204846 0.0457048458 0.0989812775 0.0426762115 0.0039922908 0.0218887665 0.0552037445 
Optimizing model JTT+F+G4
1. Initial log-likelihood: -6754.2752653960
Gamma shape alpha: 1.3421815216
Gamma shape alpha: 1.3356018416
Optimal log-likelihood: -6754.1589237903
 68  JTT+F+G4      6754.159     31  13570.318    13572.179    13725.356
Empirical state frequencies: 0.0401982379 0.0397852423 0.0809471366 0.0392345815 0.0169328194 0.0273953745 0.0556167401 0.0816354626 0.0217511013 0.0634636564 0.1552863436 0.0455671806 0.0154185022 0.0483204846 0.0457048458 0.0989812775 0.0426762115 0.0039922908 0.0218887665 0.0552037445 
Optimizing model JTT+F+R2
1. Initial log-likelihood: -6754.9994634726
Optimizing +R2 model parameters by 2-BFGS,EM algorithm...
Site proportion and rates:  (0.5029185188,0.3141301440) (0.4970814812,1.6819886239)
Optimal log-likelihood: -6754.9094146842
 70  JTT+F+R2      6754.909     32  13573.819    13575.802    13733.859
Optimizing model JTTDCMut+G4
1. Initial log-likelihood: -6833.144
Gamma shape alpha: 1.343
Gamma shape alpha: 1.346
Optimal log-likelihood: -6833.023
 81  JTTDCMut+G4   6833.023     12  13690.046    13690.334    13750.061
Optimizing model JTTDCMut+R2
1. Initial log-likelihood: -6834.446
Optimizing +R2 model parameters by 2-BFGS,EM algorithm...
Site proportion and rates:  (0.504,0.317) (0.496,1.679)
Optimizing +R2 model parameters by 2-BFGS,EM algorithm...
Site proportion and rates:  (0.508,0.324) (0.492,1.673)
Optimal log-likelihood: -6834.022
 83  JTTDCMut+R2   6834.022     13  13694.044    13694.379    13759.060
Empirical state frequencies: 0.0401982379 0.0397852423 0.0809471366 0.0392345815 0.0169328194 0.0273953745 0.0556167401 0.0816354626 0.0217511013 0.0634636564 0.1552863436 0.0455671806 0.0154185022 0.0483204846 0.0457048458 0.0989812775 0.0426762115 0.0039922908 0.0218887665 0.0552037445 
Optimizing model JTTDCMut+F+G4
1. Initial log-likelihood: -6755.8149183062
Gamma shape alpha: 1.3271354338
Optimal log-likelihood: -6755.8117168238
 94  JTTDCMut+F+G4 6755.812     31  13573.623    13575.485    13728.662
Empirical state frequencies: 0.0401982379 0.0397852423 0.0809471366 0.0392345815 0.0169328194 0.0273953745 0.0556167401 0.0816354626 0.0217511013 0.0634636564 0.1552863436 0.0455671806 0.0154185022 0.0483204846 0.0457048458 0.0989812775 0.0426762115 0.0039922908 0.0218887665 0.0552037445 
Optimizing model JTTDCMut+F+R2
1. Initial log-likelihood: -6756.6818216152
Optimizing +R2 model parameters by 2-BFGS,EM algorithm...
Site proportion and rates:  (0.5030376340,0.3136923222) (0.4969623660,1.6838832535)
Optimal log-likelihood: -6756.6045658419
 96  JTTDCMut+F+R2 6756.605     32  13577.209    13579.192    13737.249
Optimizing model DCMut+G4
1. Initial log-likelihood: -6949.430
Gamma shape alpha: 1.141
Gamma shape alpha: 1.094
Gamma shape alpha: 1.082
Optimal log-likelihood: -6948.243
107  DCMut+G4      6948.243     12  13920.486    13920.773    13980.501
Optimizing model DCMut+R2
1. Initial log-likelihood: -6950.593
Optimizing +R2 model parameters by 2-BFGS,EM algorithm...
Site proportion and rates:  (0.509,0.307) (0.491,1.727)
Optimizing +R2 model parameters by 2-BFGS,EM algorithm...
Site proportion and rates:  (0.516,0.307) (0.484,1.756)
Optimizing +R2 model parameters by 2-BFGS,EM algorithm...
Site proportion and rates:  (0.523,0.307) (0.477,1.779)
Optimizing +R2 model parameters by 2-BFGS,EM algorithm...
Site proportion and rates:  (0.528,0.307) (0.472,1.797)
Optimal log-likelihood: -6949.643
109  DCMut+R2      6949.643     13  13925.287    13925.623    13990.303
Empirical state frequencies: 0.0401982379 0.0397852423 0.0809471366 0.0392345815 0.0169328194 0.0273953745 0.0556167401 0.0816354626 0.0217511013 0.0634636564 0.1552863436 0.0455671806 0.0154185022 0.0483204846 0.0457048458 0.0989812775 0.0426762115 0.0039922908 0.0218887665 0.0552037445 
Optimizing model DCMut+F+G4
1. Initial log-likelihood: -6825.1250320550
Gamma shape alpha: 1.1722170156
Gamma shape alpha: 1.1311683254
Gamma shape alpha: 1.1199916665
Optimal log-likelihood: -6823.9422981173
120  DCMut+F+G4    6823.942     31  13709.885    13711.746    13864.923
Empirical state frequencies: 0.0401982379 0.0397852423 0.0809471366 0.0392345815 0.0169328194 0.0273953745 0.0556167401 0.0816354626 0.0217511013 0.0634636564 0.1552863436 0.0455671806 0.0154185022 0.0483204846 0.0457048458 0.0989812775 0.0426762115 0.0039922908 0.0218887665 0.0552037445 
Optimizing model DCMut+F+R2
1. Initial log-likelihood: -6826.1159392880
Optimizing +R2 model parameters by 2-BFGS,EM algorithm...
Site proportion and rates:  (0.5072917595,0.3068528194) (0.4927082405,1.7148881402)
Optimizing +R2 model parameters by 2-BFGS,EM algorithm...
Site proportion and rates:  (0.5135784521,0.3068528194) (0.4864215479,1.7343342302)
Optimizing +R2 model parameters by 2-BFGS,EM algorithm...
Site proportion and rates:  (0.5192473207,0.3068528194) (0.4807526793,1.7524689814)
Optimal log-likelihood: -6825.3268024784
122  DCMut+F+R2    6825.327     32  13714.654    13716.637    13874.693
Optimizing model VT+G4
1. Initial log-likelihood: -6849.012
Gamma shape alpha: 1.838
Gamma shape alpha: 2.063
Gamma shape alpha: 2.137
Optimal log-likelihood: -6844.566
133  VT+G4         6844.566     12  13713.133    13713.420    13773.148
Optimizing model VT+R2
1. Initial log-likelihood: -6851.126
Optimizing +R2 model parameters by 2-BFGS,EM algorithm...
Site proportion and rates:  (0.496,0.357) (0.504,1.606)
Optimizing +R2 model parameters by 2-BFGS,EM algorithm...
Site proportion and rates:  (0.496,0.385) (0.504,1.562)
Optimizing +R2 model parameters by 2-BFGS,EM algorithm...
Site proportion and rates:  (0.498,0.401) (0.502,1.537)
Optimizing +R2 model parameters by 2-BFGS,EM algorithm...
Site proportion and rates:  (0.500,0.411) (0.500,1.523)
Optimal log-likelihood: -6845.093
135  VT+R2         6845.093     13  13716.186    13716.522    13781.203
Empirical state frequencies: 0.0401982379 0.0397852423 0.0809471366 0.0392345815 0.0169328194 0.0273953745 0.0556167401 0.0816354626 0.0217511013 0.0634636564 0.1552863436 0.0455671806 0.0154185022 0.0483204846 0.0457048458 0.0989812775 0.0426762115 0.0039922908 0.0218887665 0.0552037445 
Optimizing model VT+F+G4
1. Initial log-likelihood: -6783.7137827832
Gamma shape alpha: 1.8612779252
Gamma shape alpha: 2.1027809747
Gamma shape alpha: 2.1849824750
Optimal log-likelihood: -6779.4512073895
146  VT+F+G4       6779.451     31  13620.902    13622.764    13775.941
Empirical state frequencies: 0.0401982379 0.0397852423 0.0809471366 0.0392345815 0.0169328194 0.0273953745 0.0556167401 0.0816354626 0.0217511013 0.0634636564 0.1552863436 0.0455671806 0.0154185022 0.0483204846 0.0457048458 0.0989812775 0.0426762115 0.0039922908 0.0218887665 0.0552037445 
Optimizing model VT+F+R2
1. Initial log-likelihood: -6785.6156338776
Optimizing +R2 model parameters by 2-BFGS,EM algorithm...
Site proportion and rates:  (0.4954544897,0.3579284362) (0.5045455103,1.6033585394)
Optimizing +R2 model parameters by 2-BFGS,EM algorithm...
Site proportion and rates:  (0.4951091232,0.3857348842) (0.5048908768,1.5580675075)
Optimizing +R2 model parameters by 2-BFGS,EM algorithm...
Site proportion and rates:  (0.4961858632,0.4020818402) (0.5038141368,1.5321090885)
Optimizing +R2 model parameters by 2-BFGS,EM algorithm...
Site proportion and rates:  (0.4977975898,0.4120912463) (0.5022024102,1.5172829652)
Optimal log-likelihood: -6779.8933111944
148  VT+F+R2       6779.893     32  13623.787    13625.770    13783.826
Optimizing model PMB+G4
1. Initial log-likelihood: -6903.171
Gamma shape alpha: 1.978
Gamma shape alpha: 2.274
Gamma shape alpha: 2.369
Optimal log-likelihood: -6895.729
159  PMB+G4        6895.729     12  13815.457    13815.745    13875.472
Optimizing model PMB+R2
1. Initial log-likelihood: -6905.652
Optimizing +R2 model parameters by 2-BFGS,EM algorithm...
Site proportion and rates:  (0.495,0.365) (0.505,1.595)
Optimizing +R2 model parameters by 2-BFGS,EM algorithm...
Site proportion and rates:  (0.494,0.397) (0.506,1.545)
Optimizing +R2 model parameters by 2-BFGS,EM algorithm...
Site proportion and rates:  (0.495,0.416) (0.505,1.517)
Optimizing +R2 model parameters by 2-BFGS,EM algorithm...
Site proportion and rates:  (0.497,0.427) (0.503,1.501)
Optimizing +R2 model parameters by 2-BFGS,EM algorithm...
Site proportion and rates:  (0.499,0.435) (0.501,1.491)
Optimal log-likelihood: -6896.154
161  PMB+R2        6896.154     13  13818.308    13818.644    13883.325
Empirical state frequencies: 0.0401982379 0.0397852423 0.0809471366 0.0392345815 0.0169328194 0.0273953745 0.0556167401 0.0816354626 0.0217511013 0.0634636564 0.1552863436 0.0455671806 0.0154185022 0.0483204846 0.0457048458 0.0989812775 0.0426762115 0.0039922908 0.0218887665 0.0552037445 
Optimizing model PMB+F+G4
1. Initial log-likelihood: -6818.9927461416
Gamma shape alpha: 1.9730040027
Gamma shape alpha: 2.2793390343
Gamma shape alpha: 2.3828308329
Optimal log-likelihood: -6813.3113252043
172  PMB+F+G4      6813.311     31  13688.623    13690.484    13843.661
Empirical state frequencies: 0.0401982379 0.0397852423 0.0809471366 0.0392345815 0.0169328194 0.0273953745 0.0556167401 0.0816354626 0.0217511013 0.0634636564 0.1552863436 0.0455671806 0.0154185022 0.0483204846 0.0457048458 0.0989812775 0.0426762115 0.0039922908 0.0218887665 0.0552037445 
Optimizing model PMB+F+R2
1. Initial log-likelihood: -6821.0941862594
Optimizing +R2 model parameters by 2-BFGS,EM algorithm...
Site proportion and rates:  (0.4945644962,0.3649729245) (0.5054355038,1.5921525706)
Optimizing +R2 model parameters by 2-BFGS,EM algorithm...
Site proportion and rates:  (0.4939930674,0.3965383532) (0.5060069326,1.5418156753)
Optimizing +R2 model parameters by 2-BFGS,EM algorithm...
Site proportion and rates:  (0.4949522345,0.4150770567) (0.5050477655,1.5129176287)
Optimizing +R2 model parameters by 2-BFGS,EM algorithm...
Site proportion and rates:  (0.4964761071,0.4265493286) (0.5035238929,1.4961170970)
Optimal log-likelihood: -6813.7295733322
174  PMB+F+R2      6813.730     32  13691.459    13693.442    13851.499
Optimizing model Blosum62+G4
1. Initial log-likelihood: -6905.622
Gamma shape alpha: 1.915
Gamma shape alpha: 2.177
Gamma shape alpha: 2.263
Optimal log-likelihood: -6900.121
185  Blosum62+G4   6900.121     12  13824.242    13824.530    13884.257
Optimizing model Blosum62+R2
1. Initial log-likelihood: -6908.024
Optimizing +R2 model parameters by 2-BFGS,EM algorithm...
Site proportion and rates:  (0.496,0.363) (0.504,1.597)
Optimizing +R2 model parameters by 2-BFGS,EM algorithm...
Site proportion and rates:  (0.496,0.394) (0.504,1.549)
Optimizing +R2 model parameters by 2-BFGS,EM algorithm...
Site proportion and rates:  (0.498,0.412) (0.502,1.523)
Optimizing +R2 model parameters by 2-BFGS,EM algorithm...
Site proportion and rates:  (0.500,0.423) (0.500,1.507)
Optimal log-likelihood: -6900.674
187  Blosum62+R2   6900.674     13  13827.349    13827.685    13892.365
Empirical state frequencies: 0.0401982379 0.0397852423 0.0809471366 0.0392345815 0.0169328194 0.0273953745 0.0556167401 0.0816354626 0.0217511013 0.0634636564 0.1552863436 0.0455671806 0.0154185022 0.0483204846 0.0457048458 0.0989812775 0.0426762115 0.0039922908 0.0218887665 0.0552037445 
Optimizing model Blosum62+F+G4
1. Initial log-likelihood: -6820.9648663520
Gamma shape alpha: 1.9556364537
Gamma shape alpha: 2.2603971458
Gamma shape alpha: 2.3664277283
Optimal log-likelihood: -6816.0031435293
198  Blosum62+F+G4 6816.003     31  13694.006    13695.867    13849.045
Empirical state frequencies: 0.0401982379 0.0397852423 0.0809471366 0.0392345815 0.0169328194 0.0273953745 0.0556167401 0.0816354626 0.0217511013 0.0634636564 0.1552863436 0.0455671806 0.0154185022 0.0483204846 0.0457048458 0.0989812775 0.0426762115 0.0039922908 0.0218887665 0.0552037445 
Optimizing model Blosum62+F+R2
1. Initial log-likelihood: -6823.1759085997
Optimizing +R2 model parameters by 2-BFGS,EM algorithm...
Site proportion and rates:  (0.4953996733,0.3657779308) (0.5046003267,1.5900976754)
Optimizing +R2 model parameters by 2-BFGS,EM algorithm...
Site proportion and rates:  (0.4953707407,0.3978405467) (0.5046292593,1.5387310465)
Optimizing +R2 model parameters by 2-BFGS,EM algorithm...
Site proportion and rates:  (0.4968418220,0.4165106221) (0.5031581780,1.5097634666)
Optimizing +R2 model parameters by 2-BFGS,EM algorithm...
Site proportion and rates:  (0.4988199281,0.4280639792) (0.5011800719,1.4930623024)
Optimizing +R2 model parameters by 2-BFGS,EM algorithm...
Site proportion and rates:  (0.5010198740,0.4354300803) (0.4989801260,1.4833026399)
Optimal log-likelihood: -6816.4445707556
200  Blosum62+F+R2 6816.445     32  13696.889    13698.872    13856.929
Optimizing model Dayhoff+G4
1. Initial log-likelihood: -6949.657
Gamma shape alpha: 1.136
Gamma shape alpha: 1.089
Gamma shape alpha: 1.076
Optimal log-likelihood: -6948.423
211  Dayhoff+G4    6948.423     12  13920.847    13921.134    13980.862
Optimizing model Dayhoff+R2
1. Initial log-likelihood: -6950.813
Optimizing +R2 model parameters by 2-BFGS,EM algorithm...
Site proportion and rates:  (0.509,0.307) (0.491,1.728)
Optimizing +R2 model parameters by 2-BFGS,EM algorithm...
Site proportion and rates:  (0.517,0.307) (0.483,1.759)
Optimizing +R2 model parameters by 2-BFGS,EM algorithm...
Site proportion and rates:  (0.523,0.307) (0.477,1.783)
Optimizing +R2 model parameters by 2-BFGS,EM algorithm...
Site proportion and rates:  (0.529,0.307) (0.471,1.801)
Optimal log-likelihood: -6949.841
213  Dayhoff+R2    6949.841     13  13925.682    13926.018    13990.698
Empirical state frequencies: 0.0401982379 0.0397852423 0.0809471366 0.0392345815 0.0169328194 0.0273953745 0.0556167401 0.0816354626 0.0217511013 0.0634636564 0.1552863436 0.0455671806 0.0154185022 0.0483204846 0.0457048458 0.0989812775 0.0426762115 0.0039922908 0.0218887665 0.0552037445 
Optimizing model Dayhoff+F+G4
1. Initial log-likelihood: -6825.2981596789
Gamma shape alpha: 1.1674039323
Gamma shape alpha: 1.1252957544
Gamma shape alpha: 1.1138648463
Optimal log-likelihood: -6824.0392814697
224  Dayhoff+F+G4  6824.039     31  13710.079    13711.940    13865.117
Empirical state frequencies: 0.0401982379 0.0397852423 0.0809471366 0.0392345815 0.0169328194 0.0273953745 0.0556167401 0.0816354626 0.0217511013 0.0634636564 0.1552863436 0.0455671806 0.0154185022 0.0483204846 0.0457048458 0.0989812775 0.0426762115 0.0039922908 0.0218887665 0.0552037445 
Optimizing model Dayhoff+F+R2
1. Initial log-likelihood: -6826.2839147936
Optimizing +R2 model parameters by 2-BFGS,EM algorithm...
Site proportion and rates:  (0.5074719681,0.3068528194) (0.4925280319,1.7162200286)
Optimizing +R2 model parameters by 2-BFGS,EM algorithm...
Site proportion and rates:  (0.5139047393,0.3068528194) (0.4860952607,1.7368102214)
Optimizing +R2 model parameters by 2-BFGS,EM algorithm...
Site proportion and rates:  (0.5195827468,0.3068528194) (0.4804172532,1.7535077268)
Optimal log-likelihood: -6825.4481331349
226  Dayhoff+F+R2  6825.448     32  13714.896    13716.879    13874.936
Optimizing model mtREV+G4
1. Initial log-likelihood: -7181.246
Gamma shape alpha: 0.828
Gamma shape alpha: 0.737
Gamma shape alpha: 0.713
Gamma shape alpha: 0.707
Optimal log-likelihood: -7154.289
237  mtREV+G4      7154.289     12  14332.578    14332.866    14392.593
Optimizing model mtREV+R2
1. Initial log-likelihood: -7182.262
Optimizing +R2 model parameters by 2-BFGS,EM algorithm...
Site proportion and rates:  (0.533,0.307) (0.467,1.906)
Optimizing +R2 model parameters by 2-BFGS,EM algorithm...
Site proportion and rates:  (0.560,0.307) (0.440,2.113)
Optimizing +R2 model parameters by 2-BFGS,EM algorithm...
Site proportion and rates:  (0.580,0.307) (0.420,2.291)
Optimizing +R2 model parameters by 2-BFGS,EM algorithm...
Site proportion and rates:  (0.596,0.307) (0.404,2.437)
Optimizing +R2 model parameters by 2-BFGS,EM algorithm...
Site proportion and rates:  (0.608,0.307) (0.392,2.547)
Optimizing +R2 model parameters by 2-BFGS,EM algorithm...
Site proportion and rates:  (0.616,0.307) (0.384,2.602)
Optimizing +R2 model parameters by 2-BFGS,EM algorithm...
Site proportion and rates:  (0.623,0.307) (0.377,2.647)
Optimizing +R2 model parameters by 2-BFGS,EM algorithm...
Site proportion and rates:  (0.628,0.307) (0.372,2.681)
Optimizing +R2 model parameters by 2-BFGS,EM algorithm...
Site proportion and rates:  (0.632,0.307) (0.368,2.712)
Optimal log-likelihood: -7152.410
239  mtREV+R2      7152.410     13  14330.819    14331.155    14395.835
Empirical state frequencies: 0.0401982379 0.0397852423 0.0809471366 0.0392345815 0.0169328194 0.0273953745 0.0556167401 0.0816354626 0.0217511013 0.0634636564 0.1552863436 0.0455671806 0.0154185022 0.0483204846 0.0457048458 0.0989812775 0.0426762115 0.0039922908 0.0218887665 0.0552037445 
Optimizing model mtREV+F+G4
1. Initial log-likelihood: -6884.1269735811
Gamma shape alpha: 0.9293987676
Gamma shape alpha: 0.8475500919
Gamma shape alpha: 0.8250039456
Gamma shape alpha: 0.8186504773
Optimal log-likelihood: -6873.4835235248
250  mtREV+F+G4    6873.484     31  13808.967    13810.828    13964.006
Empirical state frequencies: 0.0401982379 0.0397852423 0.0809471366 0.0392345815 0.0169328194 0.0273953745 0.0556167401 0.0816354626 0.0217511013 0.0634636564 0.1552863436 0.0455671806 0.0154185022 0.0483204846 0.0457048458 0.0989812775 0.0426762115 0.0039922908 0.0218887665 0.0552037445 
Optimizing model mtREV+F+R2
1. Initial log-likelihood: -6884.7220323031
Optimizing +R2 model parameters by 2-BFGS,EM algorithm...
Site proportion and rates:  (0.5223424177,0.3068528194) (0.4776575823,1.8269671194)
Optimizing +R2 model parameters by 2-BFGS,EM algorithm...
Site proportion and rates:  (0.5411219500,0.3068528194) (0.4588780500,1.9485721677)
Optimizing +R2 model parameters by 2-BFGS,EM algorithm...
Site proportion and rates:  (0.5567831734,0.3068528194) (0.4432168266,2.0543342961)
Optimizing +R2 model parameters by 2-BFGS,EM algorithm...
Site proportion and rates:  (0.5696464817,0.3068528194) (0.4303535183,2.1422030497)
Optimizing +R2 model parameters by 2-BFGS,EM algorithm...
Site proportion and rates:  (0.5801861240,0.3068528194) (0.4198138760,2.2098842909)
Optimizing +R2 model parameters by 2-BFGS,EM algorithm...
Site proportion and rates:  (0.5887627832,0.3068528194) (0.4112372168,2.2606850907)
Optimizing +R2 model parameters by 2-BFGS,EM algorithm...
Site proportion and rates:  (0.5958922928,0.3068528194) (0.4041077072,2.2979433809)
Optimizing +R2 model parameters by 2-BFGS,EM algorithm...
Site proportion and rates:  (0.6018833130,0.3068528194) (0.3981166870,2.3242573299)
Optimizing +R2 model parameters by 2-BFGS,EM algorithm...
Site proportion and rates:  (0.6070714147,0.3068528194) (0.3929285853,2.3430055687)
Optimal log-likelihood: -6873.2229213531
252  mtREV+F+R2    6873.223     32  13810.446    13812.429    13970.486
Optimizing model mtART+G4
1. Initial log-likelihood: -7380.584
Gamma shape alpha: 0.580
Gamma shape alpha: 0.492
Gamma shape alpha: 0.471
Gamma shape alpha: 0.466
Optimal log-likelihood: -7282.031
263  mtART+G4      7282.031     12  14588.062    14588.350    14648.077
Optimizing model mtART+R2
1. Initial log-likelihood: -7383.743
Optimizing +R2 model parameters by 2-BFGS,EM algorithm...
Site proportion and rates:  (0.556,0.307) (0.444,2.224)
Optimizing +R2 model parameters by 2-BFGS,EM algorithm...
Site proportion and rates:  (0.587,0.307) (0.413,2.415)
Optimizing +R2 model parameters by 2-BFGS,EM algorithm...
Site proportion and rates:  (0.606,0.307) (0.394,2.536)
Optimizing +R2 model parameters by 2-BFGS,EM algorithm...
Site proportion and rates:  (0.619,0.307) (0.381,2.620)
Optimizing +R2 model parameters by 2-BFGS,EM algorithm...
Site proportion and rates:  (0.627,0.307) (0.373,2.679)
Optimizing +R2 model parameters by 2-BFGS,EM algorithm...
Site proportion and rates:  (0.633,0.307) (0.367,2.719)
Optimizing +R2 model parameters by 2-BFGS,EM algorithm...
Site proportion and rates:  (0.637,0.307) (0.363,2.748)
Optimizing +R2 model parameters by 2-BFGS,EM algorithm...
Site proportion and rates:  (0.639,0.307) (0.361,2.765)
Optimizing +R2 model parameters by 2-BFGS,EM algorithm...
Site proportion and rates:  (0.641,0.307) (0.359,2.779)
Optimizing +R2 model parameters by 2-BFGS,EM algorithm...
Site proportion and rates:  (0.642,0.307) (0.358,2.786)
Optimal log-likelihood: -7292.894
265  mtART+R2      7292.894     13  14611.789    14612.124    14676.805
Empirical state frequencies: 0.0401982379 0.0397852423 0.0809471366 0.0392345815 0.0169328194 0.0273953745 0.0556167401 0.0816354626 0.0217511013 0.0634636564 0.1552863436 0.0455671806 0.0154185022 0.0483204846 0.0457048458 0.0989812775 0.0426762115 0.0039922908 0.0218887665 0.0552037445 
Optimizing model mtART+F+G4
1. Initial log-likelihood: -7052.6727573741
Gamma shape alpha: 0.6768139301
Gamma shape alpha: 0.5810675945
Gamma shape alpha: 0.5566131670
Gamma shape alpha: 0.5493960946
Optimal log-likelihood: -7004.1042437781
276  mtART+F+G4    7004.104     31  14070.208    14072.070    14225.247
Empirical state frequencies: 0.0401982379 0.0397852423 0.0809471366 0.0392345815 0.0169328194 0.0273953745 0.0556167401 0.0816354626 0.0217511013 0.0634636564 0.1552863436 0.0455671806 0.0154185022 0.0483204846 0.0457048458 0.0989812775 0.0426762115 0.0039922908 0.0218887665 0.0552037445 
Optimizing model mtART+F+R2
1. Initial log-likelihood: -7054.4743732790
Optimizing +R2 model parameters by 2-BFGS,EM algorithm...
Site proportion and rates:  (0.5451931404,0.3068528194) (0.4548068596,2.0587422919)
Optimizing +R2 model parameters by 2-BFGS,EM algorithm...
Site proportion and rates:  (0.5777362612,0.3068528194) (0.4222637388,2.3650223950)
Optimizing +R2 model parameters by 2-BFGS,EM algorithm...
Site proportion and rates:  (0.5951918652,0.3068528194) (0.4048081348,2.4658707236)
Optimizing +R2 model parameters by 2-BFGS,EM algorithm...
Site proportion and rates:  (0.6075172687,0.3068528194) (0.3924827313,2.5447231514)
Optimizing +R2 model parameters by 2-BFGS,EM algorithm...
Site proportion and rates:  (0.6165164161,0.3068528194) (0.3834835839,2.6033815101)
Optimizing +R2 model parameters by 2-BFGS,EM algorithm...
Site proportion and rates:  (0.6230245191,0.3068528194) (0.3769754809,2.6496137755)
Optimizing +R2 model parameters by 2-BFGS,EM algorithm...
Site proportion and rates:  (0.6276870461,0.3068528194) (0.3723129539,2.6812896272)
Optimizing +R2 model parameters by 2-BFGS,EM algorithm...
Site proportion and rates:  (0.6311294157,0.3068528194) (0.3688705843,2.7077713296)
Optimizing +R2 model parameters by 2-BFGS,EM algorithm...
Site proportion and rates:  (0.6335689901,0.3068528194) (0.3664310099,2.7241104192)
Optimizing +R2 model parameters by 2-BFGS,EM algorithm...
Site proportion and rates:  (0.6353918904,0.3068528194) (0.3646081096,2.7387274607)
Optimizing +R2 model parameters by 2-BFGS,EM algorithm...
Site proportion and rates:  (0.6367473314,0.3068528194) (0.3632526686,2.7480997227)
Optimal log-likelihood: -7007.9852477929
278  mtART+F+R2    7007.985     32  14079.970    14081.954    14240.010
Optimizing model mtZOA+G4
1. Initial log-likelihood: -7188.080
Gamma shape alpha: 0.720
Gamma shape alpha: 0.629
Gamma shape alpha: 0.608
Gamma shape alpha: 0.603
Optimal log-likelihood: -7141.547
289  mtZOA+G4      7141.547     12  14307.094    14307.381    14367.109
Optimizing model mtZOA+R2
1. Initial log-likelihood: -7189.254
Optimizing +R2 model parameters by 2-BFGS,EM algorithm...
Site proportion and rates:  (0.539,0.307) (0.461,2.016)
Optimizing +R2 model parameters by 2-BFGS,EM algorithm...
Site proportion and rates:  (0.569,0.307) (0.431,2.314)
Optimizing +R2 model parameters by 2-BFGS,EM algorithm...
Site proportion and rates:  (0.584,0.307) (0.416,2.401)
Optimizing +R2 model parameters by 2-BFGS,EM algorithm...
Site proportion and rates:  (0.596,0.307) (0.404,2.470)
Optimizing +R2 model parameters by 2-BFGS,EM algorithm...
Site proportion and rates:  (0.604,0.307) (0.396,2.520)
Optimizing +R2 model parameters by 2-BFGS,EM algorithm...
Site proportion and rates:  (0.610,0.307) (0.390,2.559)
Optimizing +R2 model parameters by 2-BFGS,EM algorithm...
Site proportion and rates:  (0.614,0.307) (0.386,2.589)
Optimizing +R2 model parameters by 2-BFGS,EM algorithm...
Site proportion and rates:  (0.618,0.307) (0.382,2.614)
Optimizing +R2 model parameters by 2-BFGS,EM algorithm...
Site proportion and rates:  (0.620,0.307) (0.380,2.628)
Optimizing +R2 model parameters by 2-BFGS,EM algorithm...
Site proportion and rates:  (0.622,0.307) (0.378,2.641)
Optimal log-likelihood: -7142.815
291  mtZOA+R2      7142.815     13  14311.631    14311.966    14376.647
Empirical state frequencies: 0.0401982379 0.0397852423 0.0809471366 0.0392345815 0.0169328194 0.0273953745 0.0556167401 0.0816354626 0.0217511013 0.0634636564 0.1552863436 0.0455671806 0.0154185022 0.0483204846 0.0457048458 0.0989812775 0.0426762115 0.0039922908 0.0218887665 0.0552037445 
Optimizing model mtZOA+F+G4
1. Initial log-likelihood: -6912.3027139033
Gamma shape alpha: 0.8218416573
Gamma shape alpha: 0.7280588626
Gamma shape alpha: 0.7029331386
Gamma shape alpha: 0.6961092001
Optimal log-likelihood: -6890.4676060904
302  mtZOA+F+G4    6890.468     31  13842.935    13844.796    13997.974
Empirical state frequencies: 0.0401982379 0.0397852423 0.0809471366 0.0392345815 0.0169328194 0.0273953745 0.0556167401 0.0816354626 0.0217511013 0.0634636564 0.1552863436 0.0455671806 0.0154185022 0.0483204846 0.0457048458 0.0989812775 0.0426762115 0.0039922908 0.0218887665 0.0552037445 
Optimizing model mtZOA+F+R2
1. Initial log-likelihood: -6912.8405674139
Optimizing +R2 model parameters by 2-BFGS,EM algorithm...
Site proportion and rates:  (0.5294290898,0.3068528194) (0.4705709102,1.9119328147)
Optimizing +R2 model parameters by 2-BFGS,EM algorithm...
Site proportion and rates:  (0.5525422070,0.3068528194) (0.4474577930,2.1182730953)
Optimizing +R2 model parameters by 2-BFGS,EM algorithm...
Site proportion and rates:  (0.5698991872,0.3068528194) (0.4301008128,2.2972566486)
Optimizing +R2 model parameters by 2-BFGS,EM algorithm...
Site proportion and rates:  (0.5809253112,0.3068528194) (0.4190746888,2.3836502544)
Optimizing +R2 model parameters by 2-BFGS,EM algorithm...
Site proportion and rates:  (0.5884011000,0.3068528194) (0.4115989000,2.4264627678)
Optimizing +R2 model parameters by 2-BFGS,EM algorithm...
Site proportion and rates:  (0.5942352387,0.3068528194) (0.4057647613,2.4600835006)
Optimizing +R2 model parameters by 2-BFGS,EM algorithm...
Site proportion and rates:  (0.5988637409,0.3068528194) (0.4011362591,2.4887810962)
Optimizing +R2 model parameters by 2-BFGS,EM algorithm...
Site proportion and rates:  (0.6025676398,0.3068528194) (0.3974323602,2.5131470376)
Optimizing +R2 model parameters by 2-BFGS,EM algorithm...
Site proportion and rates:  (0.6055036916,0.3068528194) (0.3944963084,2.5306687779)
Optimal log-likelihood: -6890.7437514511
304  mtZOA+F+R2    6890.744     32  13845.488    13847.471    14005.527
Optimizing model mtMet+G4
1. Initial log-likelihood: -7109.695
Gamma shape alpha: 0.862
Gamma shape alpha: 0.783
Gamma shape alpha: 0.765
Gamma shape alpha: 0.760
Optimal log-likelihood: -7084.896
315  mtMet+G4      7084.896     12  14193.792    14194.080    14253.807
Optimizing model mtMet+R2
1. Initial log-likelihood: -7110.311
Optimizing +R2 model parameters by 2-BFGS,EM algorithm...
Site proportion and rates:  (0.528,0.307) (0.472,1.869)
Optimizing +R2 model parameters by 2-BFGS,EM algorithm...
Site proportion and rates:  (0.550,0.307) (0.450,2.039)
Optimizing +R2 model parameters by 2-BFGS,EM algorithm...
Site proportion and rates:  (0.567,0.307) (0.433,2.183)
Optimizing +R2 model parameters by 2-BFGS,EM algorithm...
Site proportion and rates:  (0.580,0.307) (0.420,2.301)
Optimizing +R2 model parameters by 2-BFGS,EM algorithm...
Site proportion and rates:  (0.589,0.307) (0.411,2.391)
Optimizing +R2 model parameters by 2-BFGS,EM algorithm...
Site proportion and rates:  (0.595,0.307) (0.405,2.458)
Optimizing +R2 model parameters by 2-BFGS,EM algorithm...
Site proportion and rates:  (0.599,0.307) (0.401,2.491)
Optimal log-likelihood: -7083.859
317  mtMet+R2      7083.859     13  14193.718    14194.054    14258.734
Empirical state frequencies: 0.0401982379 0.0397852423 0.0809471366 0.0392345815 0.0169328194 0.0273953745 0.0556167401 0.0816354626 0.0217511013 0.0634636564 0.1552863436 0.0455671806 0.0154185022 0.0483204846 0.0457048458 0.0989812775 0.0426762115 0.0039922908 0.0218887665 0.0552037445 
Optimizing model mtMet+F+G4
1. Initial log-likelihood: -6825.5230429793
Gamma shape alpha: 0.9839911565
Gamma shape alpha: 0.9100738880
Gamma shape alpha: 0.8902949908
Optimal log-likelihood: -6818.0190902861
328  mtMet+F+G4    6818.019     31  13698.038    13699.899    13853.077
Empirical state frequencies: 0.0401982379 0.0397852423 0.0809471366 0.0392345815 0.0169328194 0.0273953745 0.0556167401 0.0816354626 0.0217511013 0.0634636564 0.1552863436 0.0455671806 0.0154185022 0.0483204846 0.0457048458 0.0989812775 0.0426762115 0.0039922908 0.0218887665 0.0552037445 
Optimizing model mtMet+F+R2
1. Initial log-likelihood: -6825.8667073669
Optimizing +R2 model parameters by 2-BFGS,EM algorithm...
Site proportion and rates:  (0.5189121505,0.3068528194) (0.4810878495,1.7988104155)
Optimizing +R2 model parameters by 2-BFGS,EM algorithm...
Site proportion and rates:  (0.5347649346,0.3068528194) (0.4652350654,1.8943203128)
Optimizing +R2 model parameters by 2-BFGS,EM algorithm...
Site proportion and rates:  (0.5477299092,0.3068528194) (0.4522700908,1.9767630461)
Optimizing +R2 model parameters by 2-BFGS,EM algorithm...
Site proportion and rates:  (0.5583495232,0.3068528194) (0.4416504768,2.0433522566)
Optimizing +R2 model parameters by 2-BFGS,EM algorithm...
Site proportion and rates:  (0.5668798036,0.3068528194) (0.4331201964,2.0953346071)
Optimizing +R2 model parameters by 2-BFGS,EM algorithm...
Site proportion and rates:  (0.5738354009,0.3068528194) (0.4261645991,2.1349970115)
Optimizing +R2 model parameters by 2-BFGS,EM algorithm...
Site proportion and rates:  (0.5795449181,0.3068528194) (0.4204550819,2.1642362687)
Optimizing +R2 model parameters by 2-BFGS,EM algorithm...
Site proportion and rates:  (0.5842804841,0.3068528194) (0.4157195159,2.1850312960)
Optimal log-likelihood: -6817.7372616094
330  mtMet+F+R2    6817.737     32  13699.475    13701.458    13859.514
Optimizing model mtVer+G4
1. Initial log-likelihood: -7187.841
Gamma shape alpha: 0.759
Gamma shape alpha: 0.677
Gamma shape alpha: 0.660
Gamma shape alpha: 0.656
Optimal log-likelihood: -7142.808
341  mtVer+G4      7142.808     12  14309.617    14309.905    14369.632
Optimizing model mtVer+R2
1. Initial log-likelihood: -7188.830
Optimizing +R2 model parameters by 2-BFGS,EM algorithm...
Site proportion and rates:  (0.535,0.307) (0.465,1.958)
Optimizing +R2 model parameters by 2-BFGS,EM algorithm...
Site proportion and rates:  (0.561,0.307) (0.439,2.220)
Optimizing +R2 model parameters by 2-BFGS,EM algorithm...
Site proportion and rates:  (0.577,0.307) (0.423,2.360)
Optimizing +R2 model parameters by 2-BFGS,EM algorithm...
Site proportion and rates:  (0.586,0.307) (0.414,2.413)
Optimizing +R2 model parameters by 2-BFGS,EM algorithm...
Site proportion and rates:  (0.593,0.307) (0.407,2.450)
Optimizing +R2 model parameters by 2-BFGS,EM algorithm...
Site proportion and rates:  (0.597,0.307) (0.403,2.479)
Optimizing +R2 model parameters by 2-BFGS,EM algorithm...
Site proportion and rates:  (0.601,0.307) (0.399,2.502)
Optimizing +R2 model parameters by 2-BFGS,EM algorithm...
Site proportion and rates:  (0.603,0.307) (0.397,2.515)
Optimizing +R2 model parameters by 2-BFGS,EM algorithm...
Site proportion and rates:  (0.605,0.307) (0.395,2.528)
Optimal log-likelihood: -7143.334
343  mtVer+R2      7143.334     13  14312.669    14313.005    14377.685
Empirical state frequencies: 0.0401982379 0.0397852423 0.0809471366 0.0392345815 0.0169328194 0.0273953745 0.0556167401 0.0816354626 0.0217511013 0.0634636564 0.1552863436 0.0455671806 0.0154185022 0.0483204846 0.0457048458 0.0989812775 0.0426762115 0.0039922908 0.0218887665 0.0552037445 
Optimizing model mtVer+F+G4
1. Initial log-likelihood: -6865.4560282269
Gamma shape alpha: 0.8268237536
Gamma shape alpha: 0.7421037327
Gamma shape alpha: 0.7203929366
Gamma shape alpha: 0.7147098095
Optimal log-likelihood: -6844.5413684407
354  mtVer+F+G4    6844.541     31  13751.083    13752.944    13906.121
Empirical state frequencies: 0.0401982379 0.0397852423 0.0809471366 0.0392345815 0.0169328194 0.0273953745 0.0556167401 0.0816354626 0.0217511013 0.0634636564 0.1552863436 0.0455671806 0.0154185022 0.0483204846 0.0457048458 0.0989812775 0.0426762115 0.0039922908 0.0218887665 0.0552037445 
Optimizing model mtVer+F+R2
1. Initial log-likelihood: -6865.3946807788
Optimizing +R2 model parameters by 2-BFGS,EM algorithm...
Site proportion and rates:  (0.5257626070,0.3068528194) (0.4742373930,1.8839717363)
Optimizing +R2 model parameters by 2-BFGS,EM algorithm...
Site proportion and rates:  (0.5454108511,0.3068528194) (0.4545891489,2.0642315626)
Optimizing +R2 model parameters by 2-BFGS,EM algorithm...
Site proportion and rates:  (0.5597059820,0.3068528194) (0.4402940180,2.2203165470)
Optimizing +R2 model parameters by 2-BFGS,EM algorithm...
Site proportion and rates:  (0.5689578502,0.3068528194) (0.4310421498,2.3175867330)
Optimizing +R2 model parameters by 2-BFGS,EM algorithm...
Site proportion and rates:  (0.5739436995,0.3068528194) (0.4260563005,2.3432795374)
Optimizing +R2 model parameters by 2-BFGS,EM algorithm...
Site proportion and rates:  (0.5776076611,0.3068528194) (0.4223923389,2.3650107048)
Optimizing +R2 model parameters by 2-BFGS,EM algorithm...
Site proportion and rates:  (0.5804500656,0.3068528194) (0.4195499344,2.3791540564)
Optimal log-likelihood: -6845.8341687926
356  mtVer+F+R2    6845.834     32  13755.668    13757.651    13915.708
Optimizing model mtInv+G4
1. Initial log-likelihood: -7151.610
Gamma shape alpha: 0.943
Gamma shape alpha: 0.871
Gamma shape alpha: 0.855
Optimal log-likelihood: -7136.520
367  mtInv+G4      7136.520     12  14297.039    14297.327    14357.054
Optimizing model mtInv+R2
1. Initial log-likelihood: -7152.102
Optimizing +R2 model parameters by 2-BFGS,EM algorithm...
Site proportion and rates:  (0.523,0.307) (0.477,1.815)
Optimizing +R2 model parameters by 2-BFGS,EM algorithm...
Site proportion and rates:  (0.542,0.307) (0.458,1.930)
Optimizing +R2 model parameters by 2-BFGS,EM algorithm...
Site proportion and rates:  (0.557,0.307) (0.443,2.030)
Optimizing +R2 model parameters by 2-BFGS,EM algorithm...
Site proportion and rates:  (0.569,0.307) (0.431,2.112)
Optimizing +R2 model parameters by 2-BFGS,EM algorithm...
Site proportion and rates:  (0.578,0.307) (0.422,2.174)
Optimizing +R2 model parameters by 2-BFGS,EM algorithm...
Site proportion and rates:  (0.585,0.307) (0.415,2.219)
Optimizing +R2 model parameters by 2-BFGS,EM algorithm...
Site proportion and rates:  (0.591,0.307) (0.409,2.251)
Optimizing +R2 model parameters by 2-BFGS,EM algorithm...
Site proportion and rates:  (0.596,0.307) (0.404,2.273)
Optimal log-likelihood: -7135.556
369  mtInv+R2      7135.556     13  14297.111    14297.447    14362.127
Empirical state frequencies: 0.0401982379 0.0397852423 0.0809471366 0.0392345815 0.0169328194 0.0273953745 0.0556167401 0.0816354626 0.0217511013 0.0634636564 0.1552863436 0.0455671806 0.0154185022 0.0483204846 0.0457048458 0.0989812775 0.0426762115 0.0039922908 0.0218887665 0.0552037445 
Optimizing model mtInv+F+G4
1. Initial log-likelihood: -6815.5606999437
Gamma shape alpha: 1.0937461140
Gamma shape alpha: 1.0340572238
Gamma shape alpha: 1.0170001350
Optimal log-likelihood: -6812.7278979144
380  mtInv+F+G4    6812.728     31  13687.456    13689.317    13842.494
Empirical state frequencies: 0.0401982379 0.0397852423 0.0809471366 0.0392345815 0.0169328194 0.0273953745 0.0556167401 0.0816354626 0.0217511013 0.0634636564 0.1552863436 0.0455671806 0.0154185022 0.0483204846 0.0457048458 0.0989812775 0.0426762115 0.0039922908 0.0218887665 0.0552037445 
Optimizing model mtInv+F+R2
1. Initial log-likelihood: -6816.2205757551
Optimizing +R2 model parameters by 2-BFGS,EM algorithm...
Site proportion and rates:  (0.5139405917,0.3068528194) (0.4860594083,1.7522416734)
Optimizing +R2 model parameters by 2-BFGS,EM algorithm...
Site proportion and rates:  (0.5260918800,0.3068528194) (0.4739081200,1.8034733847)
Optimizing +R2 model parameters by 2-BFGS,EM algorithm...
Site proportion and rates:  (0.5366186431,0.3068528194) (0.4633813569,1.8461794998)
Optimizing +R2 model parameters by 2-BFGS,EM algorithm...
Site proportion and rates:  (0.5458729038,0.3068528194) (0.4541270962,1.8808996684)
Optimizing +R2 model parameters by 2-BFGS,EM algorithm...
Site proportion and rates:  (0.5540539931,0.3068528194) (0.4459460069,1.9081075452)
Optimizing +R2 model parameters by 2-BFGS,EM algorithm...
Site proportion and rates:  (0.5613380683,0.3068528194) (0.4386619317,1.9294311283)
Optimizing +R2 model parameters by 2-BFGS,EM algorithm...
Site proportion and rates:  (0.5679699951,0.3071596723) (0.4320300049,1.9448837755)
Optimizing +R2 model parameters by 2-BFGS,EM algorithm...
Site proportion and rates:  (0.5739268075,0.3082262029) (0.4260731925,1.9552190077)
Optimal log-likelihood: -6812.6425793654
382  mtInv+F+R2    6812.643     32  13689.285    13691.268    13849.325
Optimizing model mtMAM+G4
1. Initial log-likelihood: -7329.509
Gamma shape alpha: 0.599
Gamma shape alpha: 0.514
Gamma shape alpha: 0.496
Gamma shape alpha: 0.492
Optimal log-likelihood: -7228.107
393  mtMAM+G4      7228.107     12  14480.215    14480.502    14540.230
Optimizing model mtMAM+R2
1. Initial log-likelihood: -7332.070
Optimizing +R2 model parameters by 2-BFGS,EM algorithm...
Site proportion and rates:  (0.552,0.307) (0.448,2.211)
Optimizing +R2 model parameters by 2-BFGS,EM algorithm...
Site proportion and rates:  (0.577,0.307) (0.423,2.361)
Optimizing +R2 model parameters by 2-BFGS,EM algorithm...
Site proportion and rates:  (0.593,0.307) (0.407,2.452)
Optimizing +R2 model parameters by 2-BFGS,EM algorithm...
Site proportion and rates:  (0.603,0.307) (0.397,2.514)
Optimizing +R2 model parameters by 2-BFGS,EM algorithm...
Site proportion and rates:  (0.609,0.307) (0.391,2.557)
Optimizing +R2 model parameters by 2-BFGS,EM algorithm...
Site proportion and rates:  (0.613,0.307) (0.387,2.582)
Optimizing +R2 model parameters by 2-BFGS,EM algorithm...
Site proportion and rates:  (0.616,0.307) (0.384,2.598)
Optimizing +R2 model parameters by 2-BFGS,EM algorithm...
Site proportion and rates:  (0.617,0.307) (0.383,2.610)
Optimizing +R2 model parameters by 2-BFGS,EM algorithm...
Site proportion and rates:  (0.618,0.307) (0.382,2.615)
Optimal log-likelihood: -7239.351
395  mtMAM+R2      7239.351     13  14504.702    14505.038    14569.718
Empirical state frequencies: 0.0401982379 0.0397852423 0.0809471366 0.0392345815 0.0169328194 0.0273953745 0.0556167401 0.0816354626 0.0217511013 0.0634636564 0.1552863436 0.0455671806 0.0154185022 0.0483204846 0.0457048458 0.0989812775 0.0426762115 0.0039922908 0.0218887665 0.0552037445 
Optimizing model mtMAM+F+G4
1. Initial log-likelihood: -6972.1765784771
Gamma shape alpha: 0.7058733229
Gamma shape alpha: 0.6170194267
Gamma shape alpha: 0.5950583646
Gamma shape alpha: 0.5893547852
Optimal log-likelihood: -6925.7125880120
406  mtMAM+F+G4    6925.713     31  13913.425    13915.286    14068.464
Empirical state frequencies: 0.0401982379 0.0397852423 0.0809471366 0.0392345815 0.0169328194 0.0273953745 0.0556167401 0.0816354626 0.0217511013 0.0634636564 0.1552863436 0.0455671806 0.0154185022 0.0483204846 0.0457048458 0.0989812775 0.0426762115 0.0039922908 0.0218887665 0.0552037445 
Optimizing model mtMAM+F+R2
1. Initial log-likelihood: -6972.7193943048
Optimizing +R2 model parameters by 2-BFGS,EM algorithm...
Site proportion and rates:  (0.5375968839,0.3068528194) (0.4624031161,2.0097758054)
Optimizing +R2 model parameters by 2-BFGS,EM algorithm...
Site proportion and rates:  (0.5649408451,0.3068528194) (0.4350591549,2.2956931996)
Optimizing +R2 model parameters by 2-BFGS,EM algorithm...
Site proportion and rates:  (0.5776887605,0.3068528194) (0.4223112395,2.3651907833)
Optimizing +R2 model parameters by 2-BFGS,EM algorithm...
Site proportion and rates:  (0.5866611110,0.3068528194) (0.4133388890,2.4153249579)
Optimizing +R2 model parameters by 2-BFGS,EM algorithm...
Site proportion and rates:  (0.5932454639,0.3068528194) (0.4067545361,2.4559476659)
Optimizing +R2 model parameters by 2-BFGS,EM algorithm...
Site proportion and rates:  (0.5979041939,0.3068528194) (0.4020958061,2.4830252000)
Optimizing +R2 model parameters by 2-BFGS,EM algorithm...
Site proportion and rates:  (0.6013002381,0.3068528194) (0.3986997619,2.5032089344)
Optimizing +R2 model parameters by 2-BFGS,EM algorithm...
Site proportion and rates:  (0.6037879173,0.3068528194) (0.3962120827,2.5203140121)
Optimizing +R2 model parameters by 2-BFGS,EM algorithm...
Site proportion and rates:  (0.6054819864,0.3068528194) (0.3945180136,2.5321832998)
Optimizing +R2 model parameters by 2-BFGS,EM algorithm...
Site proportion and rates:  (0.6066084247,0.3068528194) (0.3933915753,2.5375410368)
Optimal log-likelihood: -6929.6199198030
408  mtMAM+F+R2    6929.620     32  13923.240    13925.223    14083.280
Optimizing model HIVb+G4
1. Initial log-likelihood: -6886.631
Gamma shape alpha: 1.010
Gamma shape alpha: 0.949
Gamma shape alpha: 0.934
Optimal log-likelihood: -6881.882
419  HIVb+G4       6881.882     12  13787.764    13788.052    13847.779
Optimizing model HIVb+R2
1. Initial log-likelihood: -6887.210
Optimizing +R2 model parameters by 2-BFGS,EM algorithm...
Site proportion and rates:  (0.518,0.307) (0.482,1.777)
Optimizing +R2 model parameters by 2-BFGS,EM algorithm...
Site proportion and rates:  (0.534,0.307) (0.466,1.851)
Optimizing +R2 model parameters by 2-BFGS,EM algorithm...
Site proportion and rates:  (0.547,0.307) (0.453,1.912)
Optimizing +R2 model parameters by 2-BFGS,EM algorithm...
Site proportion and rates:  (0.558,0.307) (0.442,1.961)
Optimizing +R2 model parameters by 2-BFGS,EM algorithm...
Site proportion and rates:  (0.568,0.307) (0.432,1.999)
Optimizing +R2 model parameters by 2-BFGS,EM algorithm...
Site proportion and rates:  (0.576,0.307) (0.424,2.027)
Optimizing +R2 model parameters by 2-BFGS,EM algorithm...
Site proportion and rates:  (0.582,0.307) (0.418,2.047)
Optimizing +R2 model parameters by 2-BFGS,EM algorithm...
Site proportion and rates:  (0.588,0.307) (0.412,2.061)
Optimizing +R2 model parameters by 2-BFGS,EM algorithm...
Site proportion and rates:  (0.594,0.309) (0.406,2.071)
Optimal log-likelihood: -6881.641
421  HIVb+R2       6881.641     13  13789.281    13789.617    13854.297
Empirical state frequencies: 0.0401982379 0.0397852423 0.0809471366 0.0392345815 0.0169328194 0.0273953745 0.0556167401 0.0816354626 0.0217511013 0.0634636564 0.1552863436 0.0455671806 0.0154185022 0.0483204846 0.0457048458 0.0989812775 0.0426762115 0.0039922908 0.0218887665 0.0552037445 
Optimizing model HIVb+F+G4
1. Initial log-likelihood: -6798.3835006430
Gamma shape alpha: 0.9338559207
Gamma shape alpha: 0.8643475997
Gamma shape alpha: 0.8478400299
Optimal log-likelihood: -6788.4276974072
432  HIVb+F+G4     6788.428     31  13638.855    13640.717    13793.894
Empirical state frequencies: 0.0401982379 0.0397852423 0.0809471366 0.0392345815 0.0169328194 0.0273953745 0.0556167401 0.0816354626 0.0217511013 0.0634636564 0.1552863436 0.0455671806 0.0154185022 0.0483204846 0.0457048458 0.0989812775 0.0426762115 0.0039922908 0.0218887665 0.0552037445 
Optimizing model HIVb+F+R2
1. Initial log-likelihood: -6798.2751613329
Optimizing +R2 model parameters by 2-BFGS,EM algorithm...
Site proportion and rates:  (0.5194653050,0.3068528194) (0.4805346950,1.8105024994)
Optimizing +R2 model parameters by 2-BFGS,EM algorithm...
Site proportion and rates:  (0.5348249491,0.3068528194) (0.4651750509,1.9168248002)
Optimizing +R2 model parameters by 2-BFGS,EM algorithm...
Site proportion and rates:  (0.5468995162,0.3068528194) (0.4531004838,2.0061178521)
Optimizing +R2 model parameters by 2-BFGS,EM algorithm...
Site proportion and rates:  (0.5561690851,0.3068528194) (0.4438309149,2.0778517475)
Optimizing +R2 model parameters by 2-BFGS,EM algorithm...
Site proportion and rates:  (0.5632121684,0.3068528194) (0.4367878316,2.1347620749)
Optimizing +R2 model parameters by 2-BFGS,EM algorithm...
Site proportion and rates:  (0.5684404195,0.3068528194) (0.4315595805,2.1776893249)
Optimizing +R2 model parameters by 2-BFGS,EM algorithm...
Site proportion and rates:  (0.5723917497,0.3068528194) (0.4276082503,2.2099253531)
Optimal log-likelihood: -6788.8470276182
434  HIVb+F+R2     6788.847     32  13641.694    13643.677    13801.734
Optimizing model HIVw+G4
1. Initial log-likelihood: -6969.101
Gamma shape alpha: 0.968
Gamma shape alpha: 0.892
Gamma shape alpha: 0.872
Gamma shape alpha: 0.865
Optimal log-likelihood: -6961.493
445  HIVw+G4       6961.493     12  13946.987    13947.274    14007.002
Optimizing model HIVw+R2
1. Initial log-likelihood: -6970.350
Optimizing +R2 model parameters by 2-BFGS,EM algorithm...
Site proportion and rates:  (0.524,0.307) (0.476,1.796)
Optimizing +R2 model parameters by 2-BFGS,EM algorithm...
Site proportion and rates:  (0.545,0.307) (0.455,1.893)
Optimizing +R2 model parameters by 2-BFGS,EM algorithm...
Site proportion and rates:  (0.563,0.307) (0.437,1.978)
Optimizing +R2 model parameters by 2-BFGS,EM algorithm...
Site proportion and rates:  (0.579,0.307) (0.421,2.051)
Optimizing +R2 model parameters by 2-BFGS,EM algorithm...
Site proportion and rates:  (0.593,0.307) (0.407,2.106)
Optimizing +R2 model parameters by 2-BFGS,EM algorithm...
Site proportion and rates:  (0.605,0.307) (0.395,2.149)
Optimizing +R2 model parameters by 2-BFGS,EM algorithm...
Site proportion and rates:  (0.615,0.307) (0.385,2.181)
Optimizing +R2 model parameters by 2-BFGS,EM algorithm...
Site proportion and rates:  (0.624,0.309) (0.376,2.204)
Optimizing +R2 model parameters by 2-BFGS,EM algorithm...
Site proportion and rates:  (0.633,0.311) (0.367,2.222)
Optimizing +R2 model parameters by 2-BFGS,EM algorithm...
Site proportion and rates:  (0.640,0.313) (0.360,2.238)
Optimizing +R2 model parameters by 2-BFGS,EM algorithm...
Site proportion and rates:  (0.647,0.315) (0.353,2.252)
Optimizing +R2 model parameters by 2-BFGS,EM algorithm...
Site proportion and rates:  (0.654,0.317) (0.346,2.264)
Optimizing +R2 model parameters by 2-BFGS,EM algorithm...
Site proportion and rates:  (0.659,0.318) (0.341,2.274)
Optimal log-likelihood: -6959.367
447  HIVw+R2       6959.367     13  13944.734    13945.070    14009.750
Empirical state frequencies: 0.0401982379 0.0397852423 0.0809471366 0.0392345815 0.0169328194 0.0273953745 0.0556167401 0.0816354626 0.0217511013 0.0634636564 0.1552863436 0.0455671806 0.0154185022 0.0483204846 0.0457048458 0.0989812775 0.0426762115 0.0039922908 0.0218887665 0.0552037445 
Optimizing model HIVw+F+G4
1. Initial log-likelihood: -6828.4193761636
Gamma shape alpha: 0.9348690555
Gamma shape alpha: 0.8562050625
Gamma shape alpha: 0.8352315482
Gamma shape alpha: 0.8284203417
Optimal log-likelihood: -6819.7975620292
458  HIVw+F+G4     6819.798     31  13701.595    13703.456    13856.634
Empirical state frequencies: 0.0401982379 0.0397852423 0.0809471366 0.0392345815 0.0169328194 0.0273953745 0.0556167401 0.0816354626 0.0217511013 0.0634636564 0.1552863436 0.0455671806 0.0154185022 0.0483204846 0.0457048458 0.0989812775 0.0426762115 0.0039922908 0.0218887665 0.0552037445 
Optimizing model HIVw+F+R2
1. Initial log-likelihood: -6828.8307588808
Optimizing +R2 model parameters by 2-BFGS,EM algorithm...
Site proportion and rates:  (0.5232006666,0.3068528194) (0.4767993334,1.8128395151)
Optimizing +R2 model parameters by 2-BFGS,EM algorithm...
Site proportion and rates:  (0.5425846800,0.3068528194) (0.4574153200,1.9244556465)
Optimizing +R2 model parameters by 2-BFGS,EM algorithm...
Site proportion and rates:  (0.5585595473,0.3068528194) (0.4414404527,2.0221808142)
Optimizing +R2 model parameters by 2-BFGS,EM algorithm...
Site proportion and rates:  (0.5716033563,0.3068528194) (0.4283966437,2.1019216254)
Optimizing +R2 model parameters by 2-BFGS,EM algorithm...
Site proportion and rates:  (0.5822024968,0.3068528194) (0.4177975032,2.1655973391)
Optimizing +R2 model parameters by 2-BFGS,EM algorithm...
Site proportion and rates:  (0.5907451511,0.3068528194) (0.4092548489,2.2133981008)
Optimizing +R2 model parameters by 2-BFGS,EM algorithm...
Site proportion and rates:  (0.5977585898,0.3068528194) (0.4022414102,2.2484900031)
Optimizing +R2 model parameters by 2-BFGS,EM algorithm...
Site proportion and rates:  (0.6035752258,0.3068528194) (0.3964247742,2.2732035937)
Optimizing +R2 model parameters by 2-BFGS,EM algorithm...
Site proportion and rates:  (0.6084565361,0.3068528194) (0.3915434639,2.2897989834)
Optimal log-likelihood: -6819.0765451052
460  HIVw+F+R2     6819.077     32  13702.153    13704.136    13862.193
Optimizing model FLU+G4
1. Initial log-likelihood: -6854.895
Gamma shape alpha: 1.124
Gamma shape alpha: 1.074
Gamma shape alpha: 1.061
Optimal log-likelihood: -6850.003
471  FLU+G4        6850.003     12  13724.007    13724.294    13784.022
Optimizing model FLU+R2
1. Initial log-likelihood: -6855.345
Optimizing +R2 model parameters by 2-BFGS,EM algorithm...
Site proportion and rates:  (0.512,0.307) (0.488,1.736)
Optimizing +R2 model parameters by 2-BFGS,EM algorithm...
Site proportion and rates:  (0.523,0.307) (0.477,1.774)
Optimizing +R2 model parameters by 2-BFGS,EM algorithm...
Site proportion and rates:  (0.532,0.307) (0.468,1.806)
Optimizing +R2 model parameters by 2-BFGS,EM algorithm...
Site proportion and rates:  (0.541,0.307) (0.459,1.832)
Optimizing +R2 model parameters by 2-BFGS,EM algorithm...
Site proportion and rates:  (0.548,0.307) (0.452,1.851)
Optimizing +R2 model parameters by 2-BFGS,EM algorithm...
Site proportion and rates:  (0.555,0.307) (0.445,1.867)
Optimizing +R2 model parameters by 2-BFGS,EM algorithm...
Site proportion and rates:  (0.562,0.308) (0.438,1.878)
Optimizing +R2 model parameters by 2-BFGS,EM algorithm...
Site proportion and rates:  (0.568,0.309) (0.432,1.888)
Optimal log-likelihood: -6850.018
473  FLU+R2        6850.018     13  13726.036    13726.372    13791.052
Empirical state frequencies: 0.0401982379 0.0397852423 0.0809471366 0.0392345815 0.0169328194 0.0273953745 0.0556167401 0.0816354626 0.0217511013 0.0634636564 0.1552863436 0.0455671806 0.0154185022 0.0483204846 0.0457048458 0.0989812775 0.0426762115 0.0039922908 0.0218887665 0.0552037445 
Optimizing model FLU+F+G4
1. Initial log-likelihood: -6767.0642870002
Gamma shape alpha: 1.1287432239
Gamma shape alpha: 1.0798371859
Gamma shape alpha: 1.0668686708
Optimal log-likelihood: -6763.1319867117
484  FLU+F+G4      6763.132     31  13588.264    13590.125    13743.303
Empirical state frequencies: 0.0401982379 0.0397852423 0.0809471366 0.0392345815 0.0169328194 0.0273953745 0.0556167401 0.0816354626 0.0217511013 0.0634636564 0.1552863436 0.0455671806 0.0154185022 0.0483204846 0.0457048458 0.0989812775 0.0426762115 0.0039922908 0.0218887665 0.0552037445 
Optimizing model FLU+F+R2
1. Initial log-likelihood: -6767.0552157000
Optimizing +R2 model parameters by 2-BFGS,EM algorithm...
Site proportion and rates:  (0.5110656124,0.3068528194) (0.4889343876,1.7398225228)
Optimizing +R2 model parameters by 2-BFGS,EM algorithm...
Site proportion and rates:  (0.5205306418,0.3068528194) (0.4794693582,1.7795083738)
Optimizing +R2 model parameters by 2-BFGS,EM algorithm...
Site proportion and rates:  (0.5286866726,0.3068528194) (0.4713133274,1.8127159166)
Optimizing +R2 model parameters by 2-BFGS,EM algorithm...
Site proportion and rates:  (0.5357542862,0.3068528194) (0.4642457138,1.8394705830)
Optimizing +R2 model parameters by 2-BFGS,EM algorithm...
Site proportion and rates:  (0.5419177280,0.3068528194) (0.4580822720,1.8603414091)
Optimizing +R2 model parameters by 2-BFGS,EM algorithm...
Site proportion and rates:  (0.5473354414,0.3068528194) (0.4526645586,1.8760964130)
Optimal log-likelihood: -6763.0538626301
486  FLU+F+R2      6763.054     32  13590.108    13592.091    13750.148
Optimizing model rtREV+G4
1. Initial log-likelihood: -6982.074
Gamma shape alpha: 1.289
Gamma shape alpha: 1.276
Optimal log-likelihood: -6981.789
497  rtREV+G4      6981.789     12  13987.579    13987.866    14047.594
Optimizing model rtREV+R2
1. Initial log-likelihood: -6983.823
Optimizing +R2 model parameters by 2-BFGS,EM algorithm...
Site proportion and rates:  (0.507,0.315) (0.493,1.688)
Optimizing +R2 model parameters by 2-BFGS,EM algorithm...
Site proportion and rates:  (0.513,0.320) (0.487,1.690)
Optimizing +R2 model parameters by 2-BFGS,EM algorithm...
Site proportion and rates:  (0.520,0.325) (0.480,1.693)
Optimizing +R2 model parameters by 2-BFGS,EM algorithm...
Site proportion and rates:  (0.528,0.328) (0.472,1.699)
Optimizing +R2 model parameters by 2-BFGS,EM algorithm...
Site proportion and rates:  (0.535,0.331) (0.465,1.705)
Optimizing +R2 model parameters by 2-BFGS,EM algorithm...
Site proportion and rates:  (0.542,0.334) (0.458,1.712)
Optimizing +R2 model parameters by 2-BFGS,EM algorithm...
Site proportion and rates:  (0.549,0.337) (0.451,1.719)
Optimizing +R2 model parameters by 2-BFGS,EM algorithm...
Site proportion and rates:  (0.556,0.339) (0.444,1.727)
Optimizing +R2 model parameters by 2-BFGS,EM algorithm...
Site proportion and rates:  (0.563,0.342) (0.437,1.735)
Optimizing +R2 model parameters by 2-BFGS,EM algorithm...
Site proportion and rates:  (0.569,0.344) (0.431,1.743)
Optimizing +R2 model parameters by 2-BFGS,EM algorithm...
Site proportion and rates:  (0.576,0.347) (0.424,1.751)
Optimizing +R2 model parameters by 2-BFGS,EM algorithm...
Site proportion and rates:  (0.583,0.349) (0.417,1.759)
Optimizing +R2 model parameters by 2-BFGS,EM algorithm...
Site proportion and rates:  (0.590,0.351) (0.410,1.768)
Optimizing +R2 model parameters by 2-BFGS,EM algorithm...
Site proportion and rates:  (0.596,0.353) (0.404,1.776)
Optimizing +R2 model parameters by 2-BFGS,EM algorithm...
Site proportion and rates:  (0.603,0.355) (0.397,1.785)
Optimizing +R2 model parameters by 2-BFGS,EM algorithm...
Site proportion and rates:  (0.609,0.357) (0.391,1.794)
Optimizing +R2 model parameters by 2-BFGS,EM algorithm...
Site proportion and rates:  (0.615,0.359) (0.385,1.803)
Optimizing +R2 model parameters by 2-BFGS,EM algorithm...
Site proportion and rates:  (0.622,0.361) (0.378,1.812)
Optimizing +R2 model parameters by 2-BFGS,EM algorithm...
Site proportion and rates:  (0.628,0.363) (0.372,1.823)
Optimizing +R2 model parameters by 2-BFGS,EM algorithm...
Site proportion and rates:  (0.634,0.364) (0.366,1.833)
Optimizing +R2 model parameters by 2-BFGS,EM algorithm...
Site proportion and rates:  (0.640,0.366) (0.360,1.843)
Optimizing +R2 model parameters by 2-BFGS,EM algorithm...
Site proportion and rates:  (0.646,0.367) (0.354,1.854)
Optimal log-likelihood: -6980.863
499  rtREV+R2      6980.863     13  13987.726    13988.061    14052.742
Empirical state frequencies: 0.0401982379 0.0397852423 0.0809471366 0.0392345815 0.0169328194 0.0273953745 0.0556167401 0.0816354626 0.0217511013 0.0634636564 0.1552863436 0.0455671806 0.0154185022 0.0483204846 0.0457048458 0.0989812775 0.0426762115 0.0039922908 0.0218887665 0.0552037445 
Optimizing model rtREV+F+G4
1. Initial log-likelihood: -6844.6436006824
Gamma shape alpha: 1.2708813702
Gamma shape alpha: 1.2512335767
Optimal log-likelihood: -6844.1703096600
510  rtREV+F+G4    6844.170     31  13750.341    13752.202    13905.379
Empirical state frequencies: 0.0401982379 0.0397852423 0.0809471366 0.0392345815 0.0169328194 0.0273953745 0.0556167401 0.0816354626 0.0217511013 0.0634636564 0.1552863436 0.0455671806 0.0154185022 0.0483204846 0.0457048458 0.0989812775 0.0426762115 0.0039922908 0.0218887665 0.0552037445 
Optimizing model rtREV+F+R2
1. Initial log-likelihood: -6846.0897515279
Optimizing +R2 model parameters by 2-BFGS,EM algorithm...
Site proportion and rates:  (0.5070172823,0.3123394174) (0.4929827177,1.6931798944)
Optimizing +R2 model parameters by 2-BFGS,EM algorithm...
Site proportion and rates:  (0.5140607746,0.3165266846) (0.4859392254,1.6967670486)
Optimizing +R2 model parameters by 2-BFGS,EM algorithm...
Site proportion and rates:  (0.5211709075,0.3199579307) (0.4788290925,1.7021006556)
Optimizing +R2 model parameters by 2-BFGS,EM algorithm...
Site proportion and rates:  (0.5282404988,0.3232223152) (0.4717595012,1.7080286005)
Optimizing +R2 model parameters by 2-BFGS,EM algorithm...
Site proportion and rates:  (0.5353609348,0.3261304624) (0.4646390652,1.7151570575)
Optimizing +R2 model parameters by 2-BFGS,EM algorithm...
Site proportion and rates:  (0.5424193782,0.3289142738) (0.4575806218,1.7225230445)
Optimizing +R2 model parameters by 2-BFGS,EM algorithm...
Site proportion and rates:  (0.5494142973,0.3315858145) (0.4505857027,1.7300856043)
Optimizing +R2 model parameters by 2-BFGS,EM algorithm...
Site proportion and rates:  (0.5563411569,0.3341528564) (0.4436588431,1.7378296827)
Optimizing +R2 model parameters by 2-BFGS,EM algorithm...
Site proportion and rates:  (0.5631952648,0.3366206586) (0.4368047352,1.7457454679)
Optimizing +R2 model parameters by 2-BFGS,EM algorithm...
Site proportion and rates:  (0.5699717984,0.3389932687) (0.4300282016,1.7538258951)
Optimizing +R2 model parameters by 2-BFGS,EM algorithm...
Site proportion and rates:  (0.5766660343,0.3412743301) (0.4233339657,1.7620647209)
Optimizing +R2 model parameters by 2-BFGS,EM algorithm...
Site proportion and rates:  (0.5832828168,0.3434899416) (0.4167171832,1.7704331857)
Optimizing +R2 model parameters by 2-BFGS,EM algorithm...
Site proportion and rates:  (0.5897504492,0.3454764820) (0.4102495508,1.7791047076)
Optimizing +R2 model parameters by 2-BFGS,EM algorithm...
Site proportion and rates:  (0.5961276767,0.3474324627) (0.4038723233,1.7878075308)
Optimizing +R2 model parameters by 2-BFGS,EM algorithm...
Site proportion and rates:  (0.6024131611,0.3493424959) (0.3975868389,1.7947740489)
Optimizing +R2 model parameters by 2-BFGS,EM algorithm...
Site proportion and rates:  (0.6085945257,0.3511279111) (0.3914054743,1.8020835072)
Optimizing +R2 model parameters by 2-BFGS,EM algorithm...
Site proportion and rates:  (0.6147704575,0.3527523578) (0.3852295425,1.8122626316)
Optimizing +R2 model parameters by 2-BFGS,EM algorithm...
Site proportion and rates:  (0.6207540016,0.3544446406) (0.3792459984,1.8196101566)
Optimal log-likelihood: -6843.6297566679
512  rtREV+F+R2    6843.630     32  13751.260    13753.243    13911.299
Optimizing model cpREV+G4
1. Initial log-likelihood: -6858.044
Gamma shape alpha: 1.280
Gamma shape alpha: 1.264
Optimal log-likelihood: -6857.571
523  cpREV+G4      6857.571     12  13739.142    13739.429    13799.157
Optimizing model cpREV+R2
1. Initial log-likelihood: -6859.640
Optimizing +R2 model parameters by 2-BFGS,EM algorithm...
Site proportion and rates:  (0.507,0.313) (0.493,1.692)
Optimizing +R2 model parameters by 2-BFGS,EM algorithm...
Site proportion and rates:  (0.513,0.318) (0.487,1.695)
Optimizing +R2 model parameters by 2-BFGS,EM algorithm...
Site proportion and rates:  (0.520,0.322) (0.480,1.700)
Optimizing +R2 model parameters by 2-BFGS,EM algorithm...
Site proportion and rates:  (0.527,0.325) (0.473,1.706)
Optimizing +R2 model parameters by 2-BFGS,EM algorithm...
Site proportion and rates:  (0.534,0.328) (0.466,1.712)
Optimizing +R2 model parameters by 2-BFGS,EM algorithm...
Site proportion and rates:  (0.541,0.331) (0.459,1.719)
Optimizing +R2 model parameters by 2-BFGS,EM algorithm...
Site proportion and rates:  (0.548,0.333) (0.452,1.726)
Optimizing +R2 model parameters by 2-BFGS,EM algorithm...
Site proportion and rates:  (0.555,0.336) (0.445,1.734)
Optimizing +R2 model parameters by 2-BFGS,EM algorithm...
Site proportion and rates:  (0.562,0.339) (0.438,1.741)
Optimizing +R2 model parameters by 2-BFGS,EM algorithm...
Site proportion and rates:  (0.568,0.341) (0.432,1.749)
Optimizing +R2 model parameters by 2-BFGS,EM algorithm...
Site proportion and rates:  (0.575,0.343) (0.425,1.757)
Optimizing +R2 model parameters by 2-BFGS,EM algorithm...
Site proportion and rates:  (0.582,0.346) (0.418,1.765)
Optimizing +R2 model parameters by 2-BFGS,EM algorithm...
Site proportion and rates:  (0.588,0.348) (0.412,1.774)
Optimizing +R2 model parameters by 2-BFGS,EM algorithm...
Site proportion and rates:  (0.595,0.350) (0.405,1.782)
Optimizing +R2 model parameters by 2-BFGS,EM algorithm...
Site proportion and rates:  (0.601,0.352) (0.399,1.791)
Optimizing +R2 model parameters by 2-BFGS,EM algorithm...
Site proportion and rates:  (0.607,0.354) (0.393,1.799)
Optimizing +R2 model parameters by 2-BFGS,EM algorithm...
Site proportion and rates:  (0.613,0.355) (0.387,1.808)
Optimizing +R2 model parameters by 2-BFGS,EM algorithm...
Site proportion and rates:  (0.619,0.357) (0.381,1.817)
Optimizing +R2 model parameters by 2-BFGS,EM algorithm...
Site proportion and rates:  (0.625,0.359) (0.375,1.826)
Optimal log-likelihood: -6856.877
525  cpREV+R2      6856.877     13  13739.755    13740.091    13804.771
Empirical state frequencies: 0.0401982379 0.0397852423 0.0809471366 0.0392345815 0.0169328194 0.0273953745 0.0556167401 0.0816354626 0.0217511013 0.0634636564 0.1552863436 0.0455671806 0.0154185022 0.0483204846 0.0457048458 0.0989812775 0.0426762115 0.0039922908 0.0218887665 0.0552037445 
Optimizing model cpREV+F+G4
1. Initial log-likelihood: -6798.5095579665
Gamma shape alpha: 1.2740510763
Gamma shape alpha: 1.2566511227
Optimal log-likelihood: -6798.3122454303
536  cpREV+F+G4    6798.312     31  13658.624    13660.486    13813.663
Empirical state frequencies: 0.0401982379 0.0397852423 0.0809471366 0.0392345815 0.0169328194 0.0273953745 0.0556167401 0.0816354626 0.0217511013 0.0634636564 0.1552863436 0.0455671806 0.0154185022 0.0483204846 0.0457048458 0.0989812775 0.0426762115 0.0039922908 0.0218887665 0.0552037445 
Optimizing model cpREV+F+R2
1. Initial log-likelihood: -6799.5774063011
Optimizing +R2 model parameters by 2-BFGS,EM algorithm...
Site proportion and rates:  (0.5048322122,0.3104467531) (0.4951677878,1.6944616973)
Optimizing +R2 model parameters by 2-BFGS,EM algorithm...
Site proportion and rates:  (0.5098173186,0.3129909447) (0.4901826814,1.6977383129)
Optimal log-likelihood: -6799.3561211515
538  cpREV+F+R2    6799.356     32  13662.712    13664.695    13822.752
Akaike Information Criterion:           JTT+F+G4
Corrected Akaike Information Criterion: JTT+F+G4
Bayesian Information Criterion:         JTT+F+G4
Best-fit model: JTT+F+G4 chosen according to BIC

All model information printed to CORE_citrus_sequences_aligned.model.gz
CPU time for ModelFinder: 225.725 seconds (0h:3m:45s)
Wall-clock time for ModelFinder: 57.972 seconds (0h:0m:57s)
Empirical state frequencies: 0.0401982379 0.0397852423 0.0809471366 0.0392345815 0.0169328194 0.0273953745 0.0556167401 0.0816354626 0.0217511013 0.0634636564 0.1552863436 0.0455671806 0.0154185022 0.0483204846 0.0457048458 0.0989812775 0.0426762115 0.0039922908 0.0218887665 0.0552037445 
Generating 1000 samples for ultrafast bootstrap (seed: 582445)...
Empirical state frequencies: 0.0401982379 0.0397852423 0.0809471366 0.0392345815 0.0169328194 0.0273953745 0.0556167401 0.0816354626 0.0217511013 0.0634636564 0.1552863436 0.0455671806 0.0154185022 0.0483204846 0.0457048458 0.0989812775 0.0426762115 0.0039922908 0.0218887665 0.0552037445 

ML-TREE SEARCH START WITH THE FOLLOWING PARAMETERS:
Model of evolution: JTT+F+G4 with counted frequencies (31 free parameters)
Fixed branch lengths: No
Tree search algorithm: Stochastic nearest neighbor interchange
Termination condition: min 0.9900000000 correlation coefficient
NNI assessed on: 5 branches
Phylogenetic likelihood library: No
Branch length optimization method: Newton
Number of Newton-Raphson steps in NNI evaluation and branch length optimization: 10 / 10
SSE instructions: Yes

NOTE: 4 MB RAM (0 GB) is required!
Estimate model parameters (epsilon = 0.1000000000)
1. Initial log-likelihood: -6754.1589237903
Gamma shape alpha: 1.3342662401
Optimal log-likelihood: -6754.1588576277
Parameters optimization took 1 rounds (0.0026659966 sec)
Best tree printed to CORE_citrus_sequences_aligned.treefile
Computing ML distances based on estimated model parameters...
0.000001s Decided on visit order
0.000530s Longest distance was 4.514337
Distance calculation time: 0.000565 seconds
Computing ML distances took 0.000576 sec (of wall-clock time) 0.004611 sec(of CPU time)
Time taken to write distance file: 0.000066 seconds 
Computing RapidNJ tree took 0.000125 sec (of wall-clock time) 0.000341 sec (of CPU time)
Computing RapidNJ tree (from in-memory) distance matrix took 0.000 sec.
Loading tree (from file CORE_citrus_sequences_aligned.bionj) took 0.000 sec.
Wall-clock time spent creating initial tree was 0.000 seconds
Log-likelihood of RapidNJ tree: -6788.139
--------------------------------------------------------------------
|             INITIALIZING CANDIDATE TREE SET                      |
--------------------------------------------------------------------
Generating 98 parsimony trees... 0.035 second
Computing log-likelihood of 36 initial trees ... 0.041 seconds
Current best score: -6754.159

Do NNI search on 20 best initial trees
NOTE: Input tree is already NNI-optimal
Estimate model parameters (epsilon = 0.100)
1. Initial log-likelihood: -6754.159
Gamma shape alpha: 1.333
Optimal log-likelihood: -6754.159
BETTER TREE FOUND at iteration 1: -6754.159
Iteration 1 / LogL: -6754.159 / Time: 0h:0m:0s
Iteration 2 / LogL: -6755.878 / Time: 0h:0m:0s
Iteration 3 / LogL: -6755.766 / Time: 0h:0m:0s
Iteration 4 / LogL: -6754.575 / Time: 0h:0m:0s
Iteration 5 / LogL: -6754.562 / Time: 0h:0m:0s
Iteration 6 / LogL: -6754.168 / Time: 0h:0m:0s
Iteration 7 / LogL: -6754.191 / Time: 0h:0m:0s
Iteration 8 / LogL: -6755.837 / Time: 0h:0m:0s
Iteration 9 / LogL: -6755.837 / Time: 0h:0m:0s
Iteration 10 / LogL: -6755.726 / Time: 0h:0m:0s
Iteration 11 / LogL: -6755.726 / Time: 0h:0m:0s
Iteration 12 / LogL: -6757.688 / Time: 0h:0m:0s
Iteration 13 / LogL: -6754.384 / Time: 0h:0m:0s
Iteration 14 / LogL: -6754.384 / Time: 0h:0m:0s
Iteration 15 / LogL: -6756.268 / Time: 0h:0m:0s
Iteration 16 / LogL: -6756.268 / Time: 0h:0m:0s
Iteration 17 / LogL: -6757.098 / Time: 0h:0m:0s
Iteration 18 / LogL: -6756.420 / Time: 0h:0m:0s
Iteration 19 / LogL: -6756.423 / Time: 0h:0m:0s
Iteration 20 / LogL: -6755.702 / Time: 0h:0m:0s
Best tree printed to CORE_citrus_sequences_aligned.treefile
Finish initializing candidate tree set (1)
Current best tree score: -6754.159 / CPU time: 0.316
Number of iterations: 20
--------------------------------------------------------------------
|               OPTIMIZING CANDIDATE TREE SET                      |
--------------------------------------------------------------------
NOTE: Input tree is already NNI-optimal
Iteration 21 / LogL: -6754.159 / Time: 0h:0m:0s (0h:0m:1s left)
Iteration 22 / LogL: -6756.444 / Time: 0h:0m:0s (0h:0m:1s left)
Iteration 23 / LogL: -6756.085 / Time: 0h:0m:0s (0h:0m:1s left)
Iteration 24 / LogL: -6754.345 / Time: 0h:0m:0s (0h:0m:1s left)
UPDATE BEST LOG-LIKELIHOOD: -6754.159
Iteration 25 / LogL: -6754.159 / Time: 0h:0m:0s (0h:0m:1s left)
Best tree printed to CORE_citrus_sequences_aligned.treefile
Iteration 26 / LogL: -6755.593 / Time: 0h:0m:0s (0h:0m:1s left)
Iteration 27 / LogL: -6755.726 / Time: 0h:0m:0s (0h:0m:1s left)
NOTE: Input tree is already NNI-optimal
UPDATE BEST LOG-LIKELIHOOD: -6754.159
Iteration 28 / LogL: -6754.159 / Time: 0h:0m:0s (0h:0m:1s left)
Best tree printed to CORE_citrus_sequences_aligned.treefile
Iteration 29 / LogL: -6756.268 / Time: 0h:0m:0s (0h:0m:1s left)
Iteration 30 / LogL: -6754.674 / Time: 0h:0m:0s (0h:0m:1s left)
Iteration 31 / LogL: -6754.625 / Time: 0h:0m:0s (0h:0m:1s left)
Iteration 32 / LogL: -6754.159 / Time: 0h:0m:0s (0h:0m:1s left)
NOTE: Input tree is already NNI-optimal
Iteration 33 / LogL: -6754.159 / Time: 0h:0m:0s (0h:0m:1s left)
Iteration 34 / LogL: -6754.602 / Time: 0h:0m:0s (0h:0m:1s left)
Iteration 35 / LogL: -6754.600 / Time: 0h:0m:0s (0h:0m:1s left)
NOTE: Input tree is already NNI-optimal
Iteration 36 / LogL: -6754.159 / Time: 0h:0m:0s (0h:0m:1s left)
Iteration 37 / LogL: -6754.303 / Time: 0h:0m:0s (0h:0m:1s left)
NOTE: Input tree is already NNI-optimal
Iteration 38 / LogL: -6754.159 / Time: 0h:0m:0s (0h:0m:0s left)
NOTE: Input tree is already NNI-optimal
Iteration 39 / LogL: -6754.159 / Time: 0h:0m:0s (0h:0m:0s left)
NOTE: Input tree is already NNI-optimal
Iteration 40 / LogL: -6754.159 / Time: 0h:0m:0s (0h:0m:0s left)
NOTE: Input tree is already NNI-optimal
Iteration 41 / LogL: -6754.159 / Time: 0h:0m:0s (0h:0m:0s left)
NOTE: Input tree is already NNI-optimal
Iteration 42 / LogL: -6754.159 / Time: 0h:0m:0s (0h:0m:0s left)
Iteration 43 / LogL: -6761.260 / Time: 0h:0m:0s (0h:0m:0s left)
Iteration 44 / LogL: -6756.085 / Time: 0h:0m:0s (0h:0m:0s left)
Iteration 45 / LogL: -6756.444 / Time: 0h:0m:0s (0h:0m:0s left)
Iteration 46 / LogL: -6754.345 / Time: 0h:0m:0s (0h:0m:0s left)
Iteration 47 / LogL: -6757.416 / Time: 0h:0m:0s (0h:0m:0s left)
Iteration 48 / LogL: -6757.301 / Time: 0h:0m:0s (0h:0m:0s left)
Iteration 49 / LogL: -6757.407 / Time: 0h:0m:0s (0h:0m:0s left)
Iteration 50 / LogL: -6754.159 / Time: 0h:0m:0s (0h:0m:0s left)
1000 tree(s) converted
Using hash_map
Converting collection of tree(s) into split system...
Log-likelihood cutoff on original alignment: -6780.954
Iteration 51 / LogL: -6754.971 / Time: 0h:0m:0s (0h:0m:0s left)
NOTE: Input tree is already NNI-optimal
Iteration 52 / LogL: -6754.159 / Time: 0h:0m:0s (0h:0m:0s left)
Iteration 53 / LogL: -6756.022 / Time: 0h:0m:0s (0h:0m:0s left)
Iteration 54 / LogL: -6756.085 / Time: 0h:0m:0s (0h:0m:0s left)
Iteration 55 / LogL: -6754.602 / Time: 0h:0m:0s (0h:0m:0s left)
Iteration 56 / LogL: -6756.022 / Time: 0h:0m:0s (0h:0m:0s left)
Iteration 57 / LogL: -6756.444 / Time: 0h:0m:0s (0h:0m:0s left)
Iteration 58 / LogL: -6755.726 / Time: 0h:0m:0s (0h:0m:0s left)
Iteration 59 / LogL: -6757.674 / Time: 0h:0m:0s (0h:0m:0s left)
Iteration 60 / LogL: -6756.085 / Time: 0h:0m:0s (0h:0m:0s left)
NOTE: Input tree is already NNI-optimal
Iteration 61 / LogL: -6754.159 / Time: 0h:0m:0s (0h:0m:0s left)
Iteration 62 / LogL: -6757.674 / Time: 0h:0m:0s (0h:0m:0s left)
Iteration 63 / LogL: -6755.547 / Time: 0h:0m:0s (0h:0m:0s left)
Iteration 64 / LogL: -6754.567 / Time: 0h:0m:0s (0h:0m:0s left)
Iteration 65 / LogL: -6754.739 / Time: 0h:0m:0s (0h:0m:0s left)
Iteration 66 / LogL: -6754.303 / Time: 0h:0m:1s (0h:0m:0s left)
Iteration 67 / LogL: -6756.270 / Time: 0h:0m:1s (0h:0m:0s left)
Iteration 68 / LogL: -6754.625 / Time: 0h:0m:1s (0h:0m:0s left)
Iteration 69 / LogL: -6754.602 / Time: 0h:0m:1s (0h:0m:0s left)
NOTE: Input tree is already NNI-optimal
Iteration 70 / LogL: -6754.159 / Time: 0h:0m:1s (0h:0m:0s left)
Iteration 71 / LogL: -6755.131 / Time: 0h:0m:1s (0h:0m:0s left)
NOTE: Input tree is already NNI-optimal
Iteration 72 / LogL: -6754.159 / Time: 0h:0m:1s (0h:0m:0s left)
Iteration 73 / LogL: -6754.568 / Time: 0h:0m:1s (0h:0m:0s left)
Iteration 74 / LogL: -6756.270 / Time: 0h:0m:1s (0h:0m:0s left)
Iteration 75 / LogL: -6755.685 / Time: 0h:0m:1s (0h:0m:0s left)
Iteration 76 / LogL: -6754.637 / Time: 0h:0m:1s (0h:0m:0s left)
Iteration 77 / LogL: -6754.674 / Time: 0h:0m:1s (0h:0m:0s left)
NOTE: Input tree is already NNI-optimal
Iteration 78 / LogL: -6754.159 / Time: 0h:0m:1s (0h:0m:0s left)
Iteration 79 / LogL: -6755.726 / Time: 0h:0m:1s (0h:0m:0s left)
Iteration 80 / LogL: -6754.159 / Time: 0h:0m:1s (0h:0m:0s left)
Iteration 81 / LogL: -6754.345 / Time: 0h:0m:1s (0h:0m:0s left)
Iteration 82 / LogL: -6761.260 / Time: 0h:0m:1s (0h:0m:0s left)
NOTE: Input tree is already NNI-optimal
Iteration 83 / LogL: -6754.159 / Time: 0h:0m:1s (0h:0m:0s left)
Iteration 84 / LogL: -6754.674 / Time: 0h:0m:1s (0h:0m:0s left)
Iteration 85 / LogL: -6754.739 / Time: 0h:0m:1s (0h:0m:0s left)
Iteration 86 / LogL: -6761.260 / Time: 0h:0m:1s (0h:0m:0s left)
Iteration 87 / LogL: -6755.594 / Time: 0h:0m:1s (0h:0m:0s left)
Iteration 88 / LogL: -6755.593 / Time: 0h:0m:1s (0h:0m:0s left)
Iteration 89 / LogL: -6754.159 / Time: 0h:0m:1s (0h:0m:0s left)
Iteration 90 / LogL: -6756.022 / Time: 0h:0m:1s (0h:0m:0s left)
Iteration 91 / LogL: -6755.685 / Time: 0h:0m:1s (0h:0m:0s left)
Iteration 92 / LogL: -6754.739 / Time: 0h:0m:1s (0h:0m:0s left)
NOTE: Input tree is already NNI-optimal
Iteration 93 / LogL: -6754.159 / Time: 0h:0m:1s (0h:0m:0s left)
NOTE: Input tree is already NNI-optimal
Iteration 94 / LogL: -6754.159 / Time: 0h:0m:1s (0h:0m:0s left)
Iteration 95 / LogL: -6754.345 / Time: 0h:0m:1s (0h:0m:0s left)
Iteration 96 / LogL: -6754.602 / Time: 0h:0m:1s (0h:0m:0s left)
Iteration 97 / LogL: -6756.268 / Time: 0h:0m:1s (0h:0m:0s left)
NOTE: Input tree is already NNI-optimal
Iteration 98 / LogL: -6754.159 / Time: 0h:0m:1s (0h:0m:0s left)
Iteration 99 / LogL: -6755.131 / Time: 0h:0m:1s (0h:0m:0s left)
Iteration 100 / LogL: -6754.739 / Time: 0h:0m:1s (0h:0m:0s left)
1000 tree(s) converted
Using hash_map
Converting collection of tree(s) into split system...
Log-likelihood cutoff on original alignment: -6776.443
0 new splits compared to old boot_splits
NOTE: Bootstrap correlation coefficient of split occurrence frequencies: 1.000
Iteration 101 / LogL: -6754.345 / Time: 0h:0m:1s (0h:0m:1s left)
NOTE: Input tree is already NNI-optimal
Iteration 102 / LogL: -6754.159 / Time: 0h:0m:1s (0h:0m:1s left)
0 new splits compared to old boot_splits
TREE SEARCH COMPLETED AFTER 102 ITERATIONS / Time: 0h:0m:1s

Log-likelihoods of 5 best candidate trees: 
-6754.159 

--------------------------------------------------------------------
|                    FINALIZING TREE SEARCH                        |
--------------------------------------------------------------------
Performs final model parameters optimization
Estimate model parameters (epsilon = 0.010)
1. Initial log-likelihood: -6754.159
Gamma shape alpha: 1.333
Optimal log-likelihood: -6754.159
Parameters optimization took 1 rounds (0.002 sec)
BEST SCORE FOUND : -6754.159
Creating bootstrap support values...
1000 tree(s) converted
max_tree_id = 1   max_weight = 1 (0.100%)
Using hash_map
Converting collection of tree(s) into split system...
12 splits found
Split supports printed to NEXUS file CORE_citrus_sequences_aligned.splits.nex
Total tree length: 1.253

Total number of iterations: 102
CPU time used for tree search: 11.638 sec (0h:0m:11s)
Wall-clock time used for tree search: 1.443 sec (0h:0m:1s)
Total CPU time used: 12.082 sec (0h:0m:12s)
Total wall-clock time used: 1.499 sec (0h:0m:1s)

Computing bootstrap consensus tree...
Reading input file CORE_citrus_sequences_aligned.splits.nex...
Reading "TAXA" block...
Reading "SPLITS" block...
7 taxa and 12 splits.
Rescaling split weights by 1.000
Consensus tree written to CORE_citrus_sequences_aligned.contree
Reading input trees file CORE_citrus_sequences_aligned.contree
Log-likelihood of consensus tree: -6754.162
Best tree printed to CORE_citrus_sequences_aligned.treefile
Tree contains 7 taxa and 11 branches

Analysis results written to: 
  IQ-TREE report:                CORE_citrus_sequences_aligned.iqtree
  Maximum-likelihood tree:       CORE_citrus_sequences_aligned.treefile
  Likelihood distances:          CORE_citrus_sequences_aligned.mldist

Ultrafast bootstrap approximation results written to:
  Split support values:          CORE_citrus_sequences_aligned.splits.nex
  Consensus tree:                CORE_citrus_sequences_aligned.contree
  Screen log file:               CORE_citrus_sequences_aligned.log

Date and Time: Mon Jun 27 13:03:40 2022
